{"C:\\Users\\tanne\\OneDrive\\Documents\\Gauntlet\\CollabCanva\\collabcanvas\\postcss.config.js": {"path":"C:\\Users\\tanne\\OneDrive\\Documents\\Gauntlet\\CollabCanva\\collabcanvas\\postcss.config.js","all":true,"statementMap":{"0":{"start":{"line":1,"column":0},"end":{"line":1,"column":16}},"1":{"start":{"line":2,"column":0},"end":{"line":2,"column":12}},"2":{"start":{"line":3,"column":0},"end":{"line":3,"column":31}},"3":{"start":{"line":4,"column":0},"end":{"line":4,"column":21}},"4":{"start":{"line":5,"column":0},"end":{"line":5,"column":4}},"5":{"start":{"line":6,"column":0},"end":{"line":6,"column":1}}},"s":{"0":0,"1":0,"2":0,"3":0,"4":0,"5":0},"branchMap":{"0":{"type":"branch","line":1,"loc":{"start":{"line":1,"column":95},"end":{"line":6,"column":1}},"locations":[{"start":{"line":1,"column":95},"end":{"line":6,"column":1}}]}},"b":{"0":[0]},"fnMap":{"0":{"name":"(empty-report)","decl":{"start":{"line":1,"column":95},"end":{"line":6,"column":1}},"loc":{"start":{"line":1,"column":95},"end":{"line":6,"column":1}},"line":1}},"f":{"0":0}}
,"C:\\Users\\tanne\\OneDrive\\Documents\\Gauntlet\\CollabCanva\\collabcanvas\\tailwind.config.js": {"path":"C:\\Users\\tanne\\OneDrive\\Documents\\Gauntlet\\CollabCanva\\collabcanvas\\tailwind.config.js","all":true,"statementMap":{"0":{"start":{"line":1,"column":0},"end":{"line":1,"column":43}},"1":{"start":{"line":2,"column":0},"end":{"line":2,"column":16}},"2":{"start":{"line":3,"column":0},"end":{"line":3,"column":12}},"3":{"start":{"line":4,"column":0},"end":{"line":4,"column":19}},"4":{"start":{"line":5,"column":0},"end":{"line":5,"column":33}},"5":{"start":{"line":6,"column":0},"end":{"line":6,"column":4}},"6":{"start":{"line":7,"column":0},"end":{"line":7,"column":10}},"7":{"start":{"line":8,"column":0},"end":{"line":8,"column":15}},"8":{"start":{"line":9,"column":0},"end":{"line":9,"column":4}},"9":{"start":{"line":10,"column":0},"end":{"line":10,"column":14}},"10":{"start":{"line":11,"column":0},"end":{"line":11,"column":1}}},"s":{"0":0,"1":0,"2":0,"3":0,"4":0,"5":0,"6":0,"7":0,"8":0,"9":0,"10":0},"branchMap":{"0":{"type":"branch","line":1,"loc":{"start":{"line":1,"column":191},"end":{"line":11,"column":1}},"locations":[{"start":{"line":1,"column":191},"end":{"line":11,"column":1}}]}},"b":{"0":[0]},"fnMap":{"0":{"name":"(empty-report)","decl":{"start":{"line":1,"column":191},"end":{"line":11,"column":1}},"loc":{"start":{"line":1,"column":191},"end":{"line":11,"column":1}},"line":1}},"f":{"0":0}}
,"C:\\Users\\tanne\\OneDrive\\Documents\\Gauntlet\\CollabCanva\\collabcanvas\\src\\App.tsx": {"path":"C:\\Users\\tanne\\OneDrive\\Documents\\Gauntlet\\CollabCanva\\collabcanvas\\src\\App.tsx","all":true,"statementMap":{"0":{"start":{"line":1,"column":0},"end":{"line":1,"column":43}},"1":{"start":{"line":2,"column":0},"end":{"line":2,"column":56}},"2":{"start":{"line":3,"column":0},"end":{"line":3,"column":18}},"4":{"start":{"line":5,"column":0},"end":{"line":5,"column":16}},"5":{"start":{"line":6,"column":0},"end":{"line":6,"column":10}},"6":{"start":{"line":7,"column":0},"end":{"line":7,"column":20}},"7":{"start":{"line":8,"column":0},"end":{"line":8,"column":20}},"8":{"start":{"line":9,"column":0},"end":{"line":9,"column":21}},"10":{"start":{"line":11,"column":0},"end":{"line":11,"column":1}},"12":{"start":{"line":13,"column":0},"end":{"line":13,"column":18}}},"s":{"0":0,"1":0,"2":0,"4":0,"5":0,"6":0,"7":0,"8":0,"10":0,"12":0},"branchMap":{"0":{"type":"branch","line":1,"loc":{"start":{"line":1,"column":238},"end":{"line":13,"column":18}},"locations":[{"start":{"line":1,"column":238},"end":{"line":13,"column":18}}]}},"b":{"0":[0]},"fnMap":{"0":{"name":"(empty-report)","decl":{"start":{"line":1,"column":238},"end":{"line":13,"column":18}},"loc":{"start":{"line":1,"column":238},"end":{"line":13,"column":18}},"line":1}},"f":{"0":0}}
,"C:\\Users\\tanne\\OneDrive\\Documents\\Gauntlet\\CollabCanva\\collabcanvas\\src\\main.tsx": {"path":"C:\\Users\\tanne\\OneDrive\\Documents\\Gauntlet\\CollabCanva\\collabcanvas\\src\\main.tsx","all":true,"statementMap":{"0":{"start":{"line":1,"column":0},"end":{"line":1,"column":34}},"1":{"start":{"line":2,"column":0},"end":{"line":2,"column":45}},"2":{"start":{"line":3,"column":0},"end":{"line":3,"column":20}},"3":{"start":{"line":4,"column":0},"end":{"line":4,"column":27}},"4":{"start":{"line":5,"column":0},"end":{"line":5,"column":58}},"6":{"start":{"line":7,"column":0},"end":{"line":7,"column":52}},"7":{"start":{"line":8,"column":0},"end":{"line":8,"column":14}},"8":{"start":{"line":9,"column":0},"end":{"line":9,"column":19}},"9":{"start":{"line":10,"column":0},"end":{"line":10,"column":13}},"10":{"start":{"line":11,"column":0},"end":{"line":11,"column":20}},"11":{"start":{"line":12,"column":0},"end":{"line":12,"column":16}},"12":{"start":{"line":13,"column":0},"end":{"line":13,"column":1}}},"s":{"0":0,"1":0,"2":0,"3":0,"4":0,"6":0,"7":0,"8":0,"9":0,"10":0,"11":0,"12":0},"branchMap":{"0":{"type":"branch","line":1,"loc":{"start":{"line":1,"column":284},"end":{"line":13,"column":-229}},"locations":[{"start":{"line":1,"column":284},"end":{"line":13,"column":-229}}]}},"b":{"0":[0]},"fnMap":{"0":{"name":"(empty-report)","decl":{"start":{"line":1,"column":284},"end":{"line":13,"column":-229}},"loc":{"start":{"line":1,"column":284},"end":{"line":13,"column":-229}},"line":1}},"f":{"0":0}}
,"C:\\Users\\tanne\\OneDrive\\Documents\\Gauntlet\\CollabCanva\\collabcanvas\\src\\components\\Canvas.tsx": {"path":"C:\\Users\\tanne\\OneDrive\\Documents\\Gauntlet\\CollabCanva\\collabcanvas\\src\\components\\Canvas.tsx","all":true,"statementMap":{"0":{"start":{"line":1,"column":0},"end":{"line":1,"column":64}},"1":{"start":{"line":2,"column":0},"end":{"line":2,"column":48}},"2":{"start":{"line":3,"column":0},"end":{"line":3,"column":25}},"4":{"start":{"line":5,"column":0},"end":{"line":5,"column":8}},"8":{"start":{"line":9,"column":0},"end":{"line":9,"column":42}},"9":{"start":{"line":10,"column":0},"end":{"line":10,"column":50}},"10":{"start":{"line":11,"column":0},"end":{"line":11,"column":46}},"11":{"start":{"line":12,"column":0},"end":{"line":12,"column":29}},"12":{"start":{"line":13,"column":0},"end":{"line":13,"column":42}},"13":{"start":{"line":14,"column":0},"end":{"line":14,"column":36}},"14":{"start":{"line":15,"column":0},"end":{"line":15,"column":42}},"16":{"start":{"line":17,"column":0},"end":{"line":17,"column":43}},"17":{"start":{"line":18,"column":0},"end":{"line":18,"column":43}},"18":{"start":{"line":19,"column":0},"end":{"line":19,"column":68}},"26":{"start":{"line":27,"column":0},"end":{"line":27,"column":32}},"27":{"start":{"line":28,"column":0},"end":{"line":28,"column":15}},"28":{"start":{"line":29,"column":0},"end":{"line":29,"column":16}},"29":{"start":{"line":30,"column":0},"end":{"line":30,"column":18}},"30":{"start":{"line":31,"column":0},"end":{"line":31,"column":17}},"31":{"start":{"line":32,"column":0},"end":{"line":32,"column":44}},"32":{"start":{"line":33,"column":0},"end":{"line":33,"column":63}},"33":{"start":{"line":34,"column":0},"end":{"line":34,"column":9}},"34":{"start":{"line":35,"column":0},"end":{"line":35,"column":9}},"35":{"start":{"line":36,"column":0},"end":{"line":36,"column":13}},"36":{"start":{"line":37,"column":0},"end":{"line":37,"column":4}},"37":{"start":{"line":38,"column":0},"end":{"line":38,"column":46}},"41":{"start":{"line":42,"column":0},"end":{"line":42,"column":17}},"44":{"start":{"line":45,"column":0},"end":{"line":45,"column":28}},"45":{"start":{"line":46,"column":0},"end":{"line":46,"column":77}},"46":{"start":{"line":47,"column":0},"end":{"line":47,"column":28}},"47":{"start":{"line":48,"column":0},"end":{"line":48,"column":62}},"48":{"start":{"line":49,"column":0},"end":{"line":49,"column":24}},"49":{"start":{"line":50,"column":0},"end":{"line":50,"column":4}},"50":{"start":{"line":51,"column":0},"end":{"line":51,"column":9}},"51":{"start":{"line":52,"column":0},"end":{"line":52,"column":11}},"52":{"start":{"line":53,"column":0},"end":{"line":53,"column":15}},"53":{"start":{"line":54,"column":0},"end":{"line":54,"column":13}},"54":{"start":{"line":55,"column":0},"end":{"line":55,"column":12}},"55":{"start":{"line":56,"column":0},"end":{"line":56,"column":16}},"56":{"start":{"line":57,"column":0},"end":{"line":57,"column":16}},"57":{"start":{"line":58,"column":0},"end":{"line":58,"column":17}},"58":{"start":{"line":59,"column":0},"end":{"line":59,"column":17}},"59":{"start":{"line":60,"column":0},"end":{"line":60,"column":24}},"60":{"start":{"line":61,"column":0},"end":{"line":61,"column":28}},"61":{"start":{"line":62,"column":0},"end":{"line":62,"column":21}},"62":{"start":{"line":63,"column":0},"end":{"line":63,"column":4}},"65":{"start":{"line":66,"column":0},"end":{"line":66,"column":42}},"66":{"start":{"line":67,"column":0},"end":{"line":67,"column":44}},"69":{"start":{"line":70,"column":0},"end":{"line":70,"column":19}},"70":{"start":{"line":71,"column":0},"end":{"line":71,"column":31}},"71":{"start":{"line":72,"column":0},"end":{"line":72,"column":29}},"72":{"start":{"line":73,"column":0},"end":{"line":73,"column":50}},"75":{"start":{"line":76,"column":0},"end":{"line":76,"column":19}},"76":{"start":{"line":77,"column":0},"end":{"line":77,"column":63}},"77":{"start":{"line":78,"column":0},"end":{"line":78,"column":29}},"78":{"start":{"line":79,"column":0},"end":{"line":79,"column":5}},"79":{"start":{"line":80,"column":0},"end":{"line":80,"column":48}},"82":{"start":{"line":83,"column":0},"end":{"line":83,"column":19}},"83":{"start":{"line":84,"column":0},"end":{"line":84,"column":49}},"84":{"start":{"line":85,"column":0},"end":{"line":85,"column":72}},"85":{"start":{"line":86,"column":0},"end":{"line":86,"column":26}},"86":{"start":{"line":87,"column":0},"end":{"line":87,"column":31}},"87":{"start":{"line":88,"column":0},"end":{"line":88,"column":7}},"88":{"start":{"line":89,"column":0},"end":{"line":89,"column":5}},"90":{"start":{"line":91,"column":0},"end":{"line":91,"column":53}},"91":{"start":{"line":92,"column":0},"end":{"line":92,"column":69}},"92":{"start":{"line":93,"column":0},"end":{"line":93,"column":31}},"97":{"start":{"line":98,"column":0},"end":{"line":98,"column":34}},"98":{"start":{"line":99,"column":0},"end":{"line":99,"column":48}},"99":{"start":{"line":100,"column":0},"end":{"line":100,"column":28}},"101":{"start":{"line":102,"column":0},"end":{"line":102,"column":36}},"102":{"start":{"line":103,"column":0},"end":{"line":103,"column":24}},"104":{"start":{"line":105,"column":0},"end":{"line":105,"column":37}},"105":{"start":{"line":106,"column":0},"end":{"line":106,"column":48}},"106":{"start":{"line":107,"column":0},"end":{"line":107,"column":26}},"109":{"start":{"line":110,"column":0},"end":{"line":110,"column":26}},"110":{"start":{"line":111,"column":0},"end":{"line":111,"column":22}},"111":{"start":{"line":112,"column":0},"end":{"line":112,"column":66}},"114":{"start":{"line":115,"column":0},"end":{"line":115,"column":36}},"115":{"start":{"line":116,"column":0},"end":{"line":116,"column":31}},"116":{"start":{"line":117,"column":0},"end":{"line":117,"column":50}},"117":{"start":{"line":118,"column":0},"end":{"line":118,"column":7}},"120":{"start":{"line":121,"column":0},"end":{"line":121,"column":28}},"121":{"start":{"line":122,"column":0},"end":{"line":122,"column":47}},"122":{"start":{"line":123,"column":0},"end":{"line":123,"column":47}},"123":{"start":{"line":124,"column":0},"end":{"line":124,"column":7}},"125":{"start":{"line":126,"column":0},"end":{"line":126,"column":60}},"126":{"start":{"line":127,"column":0},"end":{"line":127,"column":60}},"128":{"start":{"line":129,"column":0},"end":{"line":129,"column":19}},"129":{"start":{"line":130,"column":0},"end":{"line":130,"column":16}},"130":{"start":{"line":131,"column":0},"end":{"line":131,"column":16}},"131":{"start":{"line":132,"column":0},"end":{"line":132,"column":28}},"132":{"start":{"line":133,"column":0},"end":{"line":133,"column":8}},"133":{"start":{"line":134,"column":0},"end":{"line":134,"column":6}},"134":{"start":{"line":135,"column":0},"end":{"line":135,"column":14}},"135":{"start":{"line":136,"column":0},"end":{"line":136,"column":3}},"140":{"start":{"line":141,"column":0},"end":{"line":141,"column":79}},"141":{"start":{"line":142,"column":0},"end":{"line":142,"column":41}},"142":{"start":{"line":143,"column":0},"end":{"line":143,"column":26}},"143":{"start":{"line":144,"column":0},"end":{"line":144,"column":26}},"144":{"start":{"line":145,"column":0},"end":{"line":145,"column":32}},"147":{"start":{"line":148,"column":0},"end":{"line":148,"column":30}},"148":{"start":{"line":149,"column":0},"end":{"line":149,"column":8}},"149":{"start":{"line":150,"column":0},"end":{"line":150,"column":65}},"150":{"start":{"line":151,"column":0},"end":{"line":151,"column":5}},"151":{"start":{"line":152,"column":0},"end":{"line":152,"column":30}},"152":{"start":{"line":153,"column":0},"end":{"line":153,"column":8}},"153":{"start":{"line":154,"column":0},"end":{"line":154,"column":66}},"154":{"start":{"line":155,"column":0},"end":{"line":155,"column":5}},"157":{"start":{"line":158,"column":0},"end":{"line":158,"column":49}},"158":{"start":{"line":159,"column":0},"end":{"line":159,"column":50}},"159":{"start":{"line":160,"column":0},"end":{"line":160,"column":5}},"161":{"start":{"line":162,"column":0},"end":{"line":162,"column":17}},"162":{"start":{"line":163,"column":0},"end":{"line":163,"column":18}},"163":{"start":{"line":164,"column":0},"end":{"line":164,"column":18}},"164":{"start":{"line":165,"column":0},"end":{"line":165,"column":12}},"165":{"start":{"line":166,"column":0},"end":{"line":166,"column":6}},"166":{"start":{"line":167,"column":0},"end":{"line":167,"column":8}},"171":{"start":{"line":172,"column":0},"end":{"line":172,"column":38}},"172":{"start":{"line":173,"column":0},"end":{"line":173,"column":11}},"173":{"start":{"line":174,"column":0},"end":{"line":174,"column":36}},"174":{"start":{"line":175,"column":0},"end":{"line":175,"column":24}},"176":{"start":{"line":177,"column":0},"end":{"line":177,"column":48}},"177":{"start":{"line":178,"column":0},"end":{"line":178,"column":26}},"180":{"start":{"line":181,"column":0},"end":{"line":181,"column":63}},"181":{"start":{"line":182,"column":0},"end":{"line":182,"column":63}},"184":{"start":{"line":185,"column":0},"end":{"line":185,"column":44}},"185":{"start":{"line":186,"column":0},"end":{"line":186,"column":6}},"186":{"start":{"line":187,"column":0},"end":{"line":187,"column":36}},"187":{"start":{"line":188,"column":0},"end":{"line":188,"column":3}},"192":{"start":{"line":193,"column":0},"end":{"line":193,"column":40}},"193":{"start":{"line":194,"column":0},"end":{"line":194,"column":48}},"195":{"start":{"line":196,"column":0},"end":{"line":196,"column":45}},"196":{"start":{"line":197,"column":0},"end":{"line":197,"column":14}},"197":{"start":{"line":198,"column":0},"end":{"line":198,"column":7}},"199":{"start":{"line":200,"column":0},"end":{"line":200,"column":36}},"200":{"start":{"line":201,"column":0},"end":{"line":201,"column":24}},"202":{"start":{"line":203,"column":0},"end":{"line":203,"column":48}},"203":{"start":{"line":204,"column":0},"end":{"line":204,"column":26}},"206":{"start":{"line":207,"column":0},"end":{"line":207,"column":63}},"207":{"start":{"line":208,"column":0},"end":{"line":208,"column":63}},"210":{"start":{"line":211,"column":0},"end":{"line":211,"column":41}},"211":{"start":{"line":212,"column":0},"end":{"line":212,"column":47}},"212":{"start":{"line":213,"column":0},"end":{"line":213,"column":45}},"213":{"start":{"line":214,"column":0},"end":{"line":214,"column":44}},"214":{"start":{"line":215,"column":0},"end":{"line":215,"column":43}},"216":{"start":{"line":217,"column":0},"end":{"line":217,"column":59}},"217":{"start":{"line":218,"column":0},"end":{"line":218,"column":45}},"219":{"start":{"line":220,"column":0},"end":{"line":220,"column":26}},"220":{"start":{"line":221,"column":0},"end":{"line":221,"column":7}},"221":{"start":{"line":222,"column":0},"end":{"line":222,"column":6}},"222":{"start":{"line":223,"column":0},"end":{"line":223,"column":52}},"223":{"start":{"line":224,"column":0},"end":{"line":224,"column":3}},"228":{"start":{"line":229,"column":0},"end":{"line":229,"column":46}},"229":{"start":{"line":230,"column":0},"end":{"line":230,"column":46}},"230":{"start":{"line":231,"column":0},"end":{"line":231,"column":56}},"231":{"start":{"line":232,"column":0},"end":{"line":232,"column":5}},"232":{"start":{"line":233,"column":0},"end":{"line":233,"column":22}},"233":{"start":{"line":234,"column":0},"end":{"line":234,"column":26}},"238":{"start":{"line":239,"column":0},"end":{"line":239,"column":46}},"239":{"start":{"line":240,"column":0},"end":{"line":240,"column":22}},"240":{"start":{"line":241,"column":0},"end":{"line":241,"column":8}},"245":{"start":{"line":246,"column":0},"end":{"line":246,"column":40}},"246":{"start":{"line":247,"column":0},"end":{"line":247,"column":26}},"247":{"start":{"line":248,"column":0},"end":{"line":248,"column":27}},"248":{"start":{"line":249,"column":0},"end":{"line":249,"column":6}},"249":{"start":{"line":250,"column":0},"end":{"line":250,"column":18}},"250":{"start":{"line":251,"column":0},"end":{"line":251,"column":3}},"255":{"start":{"line":256,"column":0},"end":{"line":256,"column":41}},"256":{"start":{"line":257,"column":0},"end":{"line":257,"column":48}},"257":{"start":{"line":258,"column":0},"end":{"line":258,"column":36}},"258":{"start":{"line":259,"column":0},"end":{"line":259,"column":6}},"259":{"start":{"line":260,"column":0},"end":{"line":260,"column":17}},"260":{"start":{"line":261,"column":0},"end":{"line":261,"column":3}},"265":{"start":{"line":266,"column":0},"end":{"line":266,"column":42}},"267":{"start":{"line":268,"column":0},"end":{"line":268,"column":44}},"268":{"start":{"line":269,"column":0},"end":{"line":269,"column":8}},"273":{"start":{"line":274,"column":0},"end":{"line":274,"column":66}},"274":{"start":{"line":275,"column":0},"end":{"line":275,"column":39}},"275":{"start":{"line":276,"column":0},"end":{"line":276,"column":45}},"278":{"start":{"line":279,"column":0},"end":{"line":279,"column":60}},"279":{"start":{"line":280,"column":0},"end":{"line":280,"column":17}},"280":{"start":{"line":281,"column":0},"end":{"line":281,"column":13}},"281":{"start":{"line":282,"column":0},"end":{"line":282,"column":24}},"282":{"start":{"line":283,"column":0},"end":{"line":283,"column":48}},"283":{"start":{"line":284,"column":0},"end":{"line":284,"column":26}},"284":{"start":{"line":285,"column":0},"end":{"line":285,"column":25}},"285":{"start":{"line":286,"column":0},"end":{"line":286,"column":27}},"286":{"start":{"line":287,"column":0},"end":{"line":287,"column":10}},"287":{"start":{"line":288,"column":0},"end":{"line":288,"column":7}},"288":{"start":{"line":289,"column":0},"end":{"line":289,"column":5}},"291":{"start":{"line":292,"column":0},"end":{"line":292,"column":60}},"292":{"start":{"line":293,"column":0},"end":{"line":293,"column":17}},"293":{"start":{"line":294,"column":0},"end":{"line":294,"column":13}},"294":{"start":{"line":295,"column":0},"end":{"line":295,"column":24}},"295":{"start":{"line":296,"column":0},"end":{"line":296,"column":48}},"296":{"start":{"line":297,"column":0},"end":{"line":297,"column":26}},"297":{"start":{"line":298,"column":0},"end":{"line":298,"column":25}},"298":{"start":{"line":299,"column":0},"end":{"line":299,"column":27}},"299":{"start":{"line":300,"column":0},"end":{"line":300,"column":10}},"300":{"start":{"line":301,"column":0},"end":{"line":301,"column":7}},"301":{"start":{"line":302,"column":0},"end":{"line":302,"column":5}},"303":{"start":{"line":304,"column":0},"end":{"line":304,"column":16}},"304":{"start":{"line":305,"column":0},"end":{"line":305,"column":8}},"306":{"start":{"line":307,"column":0},"end":{"line":307,"column":10}},"307":{"start":{"line":308,"column":0},"end":{"line":308,"column":74}},"308":{"start":{"line":309,"column":0},"end":{"line":309,"column":12}},"309":{"start":{"line":310,"column":0},"end":{"line":310,"column":22}},"310":{"start":{"line":311,"column":0},"end":{"line":311,"column":30}},"311":{"start":{"line":312,"column":0},"end":{"line":312,"column":32}},"312":{"start":{"line":313,"column":0},"end":{"line":313,"column":45}},"313":{"start":{"line":314,"column":0},"end":{"line":314,"column":29}},"314":{"start":{"line":315,"column":0},"end":{"line":315,"column":33}},"315":{"start":{"line":316,"column":0},"end":{"line":316,"column":37}},"316":{"start":{"line":317,"column":0},"end":{"line":317,"column":35}},"317":{"start":{"line":318,"column":0},"end":{"line":318,"column":22}},"318":{"start":{"line":319,"column":0},"end":{"line":319,"column":22}},"319":{"start":{"line":320,"column":0},"end":{"line":320,"column":31}},"320":{"start":{"line":321,"column":0},"end":{"line":321,"column":31}},"323":{"start":{"line":324,"column":0},"end":{"line":324,"column":33}},"324":{"start":{"line":325,"column":0},"end":{"line":325,"column":31}},"325":{"start":{"line":326,"column":0},"end":{"line":326,"column":16}},"328":{"start":{"line":329,"column":0},"end":{"line":329,"column":15}},"329":{"start":{"line":330,"column":0},"end":{"line":330,"column":34}},"330":{"start":{"line":331,"column":0},"end":{"line":331,"column":54}},"331":{"start":{"line":332,"column":0},"end":{"line":332,"column":44}},"333":{"start":{"line":334,"column":0},"end":{"line":334,"column":45}},"334":{"start":{"line":335,"column":0},"end":{"line":335,"column":22}},"335":{"start":{"line":336,"column":0},"end":{"line":336,"column":26}},"336":{"start":{"line":337,"column":0},"end":{"line":337,"column":32}},"337":{"start":{"line":338,"column":0},"end":{"line":338,"column":31}},"338":{"start":{"line":339,"column":0},"end":{"line":339,"column":29}},"339":{"start":{"line":340,"column":0},"end":{"line":340,"column":29}},"340":{"start":{"line":341,"column":0},"end":{"line":341,"column":41}},"341":{"start":{"line":342,"column":0},"end":{"line":342,"column":69}},"342":{"start":{"line":343,"column":0},"end":{"line":343,"column":62}},"343":{"start":{"line":344,"column":0},"end":{"line":344,"column":74}},"344":{"start":{"line":345,"column":0},"end":{"line":345,"column":18}},"346":{"start":{"line":347,"column":0},"end":{"line":347,"column":49}},"347":{"start":{"line":348,"column":0},"end":{"line":348,"column":22}},"348":{"start":{"line":349,"column":0},"end":{"line":349,"column":23}},"349":{"start":{"line":350,"column":0},"end":{"line":350,"column":32}},"350":{"start":{"line":351,"column":0},"end":{"line":351,"column":31}},"351":{"start":{"line":352,"column":0},"end":{"line":352,"column":29}},"352":{"start":{"line":353,"column":0},"end":{"line":353,"column":29}},"353":{"start":{"line":354,"column":0},"end":{"line":354,"column":41}},"354":{"start":{"line":355,"column":0},"end":{"line":355,"column":69}},"355":{"start":{"line":356,"column":0},"end":{"line":356,"column":62}},"356":{"start":{"line":357,"column":0},"end":{"line":357,"column":74}},"357":{"start":{"line":358,"column":0},"end":{"line":358,"column":18}},"359":{"start":{"line":360,"column":0},"end":{"line":360,"column":61}},"360":{"start":{"line":361,"column":0},"end":{"line":361,"column":22}},"361":{"start":{"line":362,"column":0},"end":{"line":362,"column":26}},"362":{"start":{"line":363,"column":0},"end":{"line":363,"column":32}},"363":{"start":{"line":364,"column":0},"end":{"line":364,"column":31}},"364":{"start":{"line":365,"column":0},"end":{"line":365,"column":29}},"365":{"start":{"line":366,"column":0},"end":{"line":366,"column":29}},"366":{"start":{"line":367,"column":0},"end":{"line":367,"column":35}},"367":{"start":{"line":368,"column":0},"end":{"line":368,"column":37}},"368":{"start":{"line":369,"column":0},"end":{"line":369,"column":39}},"369":{"start":{"line":370,"column":0},"end":{"line":370,"column":41}},"370":{"start":{"line":371,"column":0},"end":{"line":371,"column":69}},"371":{"start":{"line":372,"column":0},"end":{"line":372,"column":62}},"372":{"start":{"line":373,"column":0},"end":{"line":373,"column":74}},"373":{"start":{"line":374,"column":0},"end":{"line":374,"column":18}},"375":{"start":{"line":376,"column":0},"end":{"line":376,"column":13}},"376":{"start":{"line":377,"column":0},"end":{"line":377,"column":23}},"377":{"start":{"line":378,"column":0},"end":{"line":378,"column":13}},"378":{"start":{"line":379,"column":0},"end":{"line":379,"column":16}},"381":{"start":{"line":382,"column":0},"end":{"line":382,"column":33}},"382":{"start":{"line":383,"column":0},"end":{"line":383,"column":73}},"383":{"start":{"line":384,"column":0},"end":{"line":384,"column":19}},"384":{"start":{"line":385,"column":0},"end":{"line":385,"column":26}},"385":{"start":{"line":386,"column":0},"end":{"line":386,"column":31}},"386":{"start":{"line":387,"column":0},"end":{"line":387,"column":31}},"387":{"start":{"line":388,"column":0},"end":{"line":388,"column":35}},"388":{"start":{"line":389,"column":0},"end":{"line":389,"column":33}},"389":{"start":{"line":390,"column":0},"end":{"line":390,"column":14}},"390":{"start":{"line":391,"column":0},"end":{"line":391,"column":13}},"391":{"start":{"line":392,"column":0},"end":{"line":392,"column":16}},"392":{"start":{"line":393,"column":0},"end":{"line":393,"column":14}},"395":{"start":{"line":396,"column":0},"end":{"line":396,"column":21}},"396":{"start":{"line":397,"column":0},"end":{"line":397,"column":12}},"397":{"start":{"line":398,"column":0},"end":{"line":398,"column":86}},"398":{"start":{"line":399,"column":0},"end":{"line":399,"column":18}},"399":{"start":{"line":400,"column":0},"end":{"line":400,"column":60}},"400":{"start":{"line":401,"column":0},"end":{"line":401,"column":59}},"401":{"start":{"line":402,"column":0},"end":{"line":402,"column":25}},"402":{"start":{"line":403,"column":0},"end":{"line":403,"column":12}},"404":{"start":{"line":405,"column":0},"end":{"line":405,"column":16}},"405":{"start":{"line":406,"column":0},"end":{"line":406,"column":23}},"406":{"start":{"line":407,"column":0},"end":{"line":407,"column":21}},"407":{"start":{"line":408,"column":0},"end":{"line":408,"column":35}},"408":{"start":{"line":409,"column":0},"end":{"line":409,"column":28}},"409":{"start":{"line":410,"column":0},"end":{"line":410,"column":67}},"411":{"start":{"line":412,"column":0},"end":{"line":412,"column":31}},"412":{"start":{"line":413,"column":0},"end":{"line":413,"column":38}},"413":{"start":{"line":414,"column":0},"end":{"line":414,"column":34}},"414":{"start":{"line":415,"column":0},"end":{"line":415,"column":46}},"415":{"start":{"line":416,"column":0},"end":{"line":416,"column":34}},"416":{"start":{"line":417,"column":0},"end":{"line":417,"column":15}},"417":{"start":{"line":418,"column":0},"end":{"line":418,"column":14}},"418":{"start":{"line":419,"column":0},"end":{"line":419,"column":37}},"419":{"start":{"line":420,"column":0},"end":{"line":420,"column":38}},"420":{"start":{"line":421,"column":0},"end":{"line":421,"column":105}},"421":{"start":{"line":422,"column":0},"end":{"line":422,"column":38}},"422":{"start":{"line":423,"column":0},"end":{"line":423,"column":12}},"423":{"start":{"line":424,"column":0},"end":{"line":424,"column":54}},"425":{"start":{"line":426,"column":0},"end":{"line":426,"column":16}},"426":{"start":{"line":427,"column":0},"end":{"line":427,"column":14}},"428":{"start":{"line":429,"column":0},"end":{"line":429,"column":10}},"430":{"start":{"line":431,"column":0},"end":{"line":431,"column":1}}},"s":{"0":0,"1":0,"2":0,"4":0,"8":0,"9":0,"10":0,"11":0,"12":0,"13":0,"14":0,"16":0,"17":0,"18":0,"26":0,"27":0,"28":0,"29":0,"30":0,"31":0,"32":0,"33":0,"34":0,"35":0,"36":0,"37":0,"41":0,"44":0,"45":0,"46":0,"47":0,"48":0,"49":0,"50":0,"51":0,"52":0,"53":0,"54":0,"55":0,"56":0,"57":0,"58":0,"59":0,"60":0,"61":0,"62":0,"65":0,"66":0,"69":0,"70":0,"71":0,"72":0,"75":0,"76":0,"77":0,"78":0,"79":0,"82":0,"83":0,"84":0,"85":0,"86":0,"87":0,"88":0,"90":0,"91":0,"92":0,"97":0,"98":0,"99":0,"101":0,"102":0,"104":0,"105":0,"106":0,"109":0,"110":0,"111":0,"114":0,"115":0,"116":0,"117":0,"120":0,"121":0,"122":0,"123":0,"125":0,"126":0,"128":0,"129":0,"130":0,"131":0,"132":0,"133":0,"134":0,"135":0,"140":0,"141":0,"142":0,"143":0,"144":0,"147":0,"148":0,"149":0,"150":0,"151":0,"152":0,"153":0,"154":0,"157":0,"158":0,"159":0,"161":0,"162":0,"163":0,"164":0,"165":0,"166":0,"171":0,"172":0,"173":0,"174":0,"176":0,"177":0,"180":0,"181":0,"184":0,"185":0,"186":0,"187":0,"192":0,"193":0,"195":0,"196":0,"197":0,"199":0,"200":0,"202":0,"203":0,"206":0,"207":0,"210":0,"211":0,"212":0,"213":0,"214":0,"216":0,"217":0,"219":0,"220":0,"221":0,"222":0,"223":0,"228":0,"229":0,"230":0,"231":0,"232":0,"233":0,"238":0,"239":0,"240":0,"245":0,"246":0,"247":0,"248":0,"249":0,"250":0,"255":0,"256":0,"257":0,"258":0,"259":0,"260":0,"265":0,"267":0,"268":0,"273":0,"274":0,"275":0,"278":0,"279":0,"280":0,"281":0,"282":0,"283":0,"284":0,"285":0,"286":0,"287":0,"288":0,"291":0,"292":0,"293":0,"294":0,"295":0,"296":0,"297":0,"298":0,"299":0,"300":0,"301":0,"303":0,"304":0,"306":0,"307":0,"308":0,"309":0,"310":0,"311":0,"312":0,"313":0,"314":0,"315":0,"316":0,"317":0,"318":0,"319":0,"320":0,"323":0,"324":0,"325":0,"328":0,"329":0,"330":0,"331":0,"333":0,"334":0,"335":0,"336":0,"337":0,"338":0,"339":0,"340":0,"341":0,"342":0,"343":0,"344":0,"346":0,"347":0,"348":0,"349":0,"350":0,"351":0,"352":0,"353":0,"354":0,"355":0,"356":0,"357":0,"359":0,"360":0,"361":0,"362":0,"363":0,"364":0,"365":0,"366":0,"367":0,"368":0,"369":0,"370":0,"371":0,"372":0,"373":0,"375":0,"376":0,"377":0,"378":0,"381":0,"382":0,"383":0,"384":0,"385":0,"386":0,"387":0,"388":0,"389":0,"390":0,"391":0,"392":0,"395":0,"396":0,"397":0,"398":0,"399":0,"400":0,"401":0,"402":0,"404":0,"405":0,"406":0,"407":0,"408":0,"409":0,"411":0,"412":0,"413":0,"414":0,"415":0,"416":0,"417":0,"418":0,"419":0,"420":0,"421":0,"422":0,"423":0,"425":0,"426":0,"428":0,"430":0},"branchMap":{"0":{"type":"branch","line":1,"loc":{"start":{"line":1,"column":12707},"end":{"line":431,"column":1}},"locations":[{"start":{"line":1,"column":12707},"end":{"line":431,"column":1}}]}},"b":{"0":[0]},"fnMap":{"0":{"name":"(empty-report)","decl":{"start":{"line":1,"column":12707},"end":{"line":431,"column":1}},"loc":{"start":{"line":1,"column":12707},"end":{"line":431,"column":1}},"line":1}},"f":{"0":0}}
,"C:\\Users\\tanne\\OneDrive\\Documents\\Gauntlet\\CollabCanva\\collabcanvas\\src\\components\\Cursor.tsx": {"path":"C:\\Users\\tanne\\OneDrive\\Documents\\Gauntlet\\CollabCanva\\collabcanvas\\src\\components\\Cursor.tsx","all":true,"statementMap":{"0":{"start":{"line":1,"column":0},"end":{"line":1,"column":53}},"14":{"start":{"line":15,"column":0},"end":{"line":15,"column":72}},"16":{"start":{"line":17,"column":0},"end":{"line":17,"column":19}},"17":{"start":{"line":18,"column":0},"end":{"line":18,"column":57}},"20":{"start":{"line":21,"column":0},"end":{"line":21,"column":62}},"21":{"start":{"line":22,"column":0},"end":{"line":22,"column":23}},"23":{"start":{"line":24,"column":0},"end":{"line":24,"column":10}},"24":{"start":{"line":25,"column":0},"end":{"line":25,"column":23}},"26":{"start":{"line":27,"column":0},"end":{"line":27,"column":11}},"27":{"start":{"line":28,"column":0},"end":{"line":28,"column":24}},"28":{"start":{"line":29,"column":0},"end":{"line":29,"column":20}},"29":{"start":{"line":30,"column":0},"end":{"line":30,"column":22}},"30":{"start":{"line":31,"column":0},"end":{"line":31,"column":23}},"31":{"start":{"line":32,"column":0},"end":{"line":32,"column":40}},"32":{"start":{"line":33,"column":0},"end":{"line":33,"column":22}},"33":{"start":{"line":34,"column":0},"end":{"line":34,"column":25}},"34":{"start":{"line":35,"column":0},"end":{"line":35,"column":25}},"35":{"start":{"line":36,"column":0},"end":{"line":36,"column":8}},"38":{"start":{"line":39,"column":0},"end":{"line":39,"column":11}},"39":{"start":{"line":40,"column":0},"end":{"line":40,"column":14}},"40":{"start":{"line":41,"column":0},"end":{"line":41,"column":13}},"41":{"start":{"line":42,"column":0},"end":{"line":42,"column":25}},"42":{"start":{"line":43,"column":0},"end":{"line":43,"column":27}},"43":{"start":{"line":44,"column":0},"end":{"line":44,"column":20}},"44":{"start":{"line":45,"column":0},"end":{"line":45,"column":25}},"45":{"start":{"line":46,"column":0},"end":{"line":46,"column":40}},"46":{"start":{"line":47,"column":0},"end":{"line":47,"column":22}},"47":{"start":{"line":48,"column":0},"end":{"line":48,"column":25}},"48":{"start":{"line":49,"column":0},"end":{"line":49,"column":25}},"49":{"start":{"line":50,"column":0},"end":{"line":50,"column":8}},"52":{"start":{"line":53,"column":0},"end":{"line":53,"column":11}},"53":{"start":{"line":54,"column":0},"end":{"line":54,"column":14}},"54":{"start":{"line":55,"column":0},"end":{"line":55,"column":13}},"55":{"start":{"line":56,"column":0},"end":{"line":56,"column":23}},"56":{"start":{"line":57,"column":0},"end":{"line":57,"column":21}},"57":{"start":{"line":58,"column":0},"end":{"line":58,"column":49}},"58":{"start":{"line":59,"column":0},"end":{"line":59,"column":20}},"59":{"start":{"line":60,"column":0},"end":{"line":60,"column":24}},"60":{"start":{"line":61,"column":0},"end":{"line":61,"column":8}},"61":{"start":{"line":62,"column":0},"end":{"line":62,"column":12}},"63":{"start":{"line":64,"column":0},"end":{"line":64,"column":1}}},"s":{"0":0,"14":0,"16":0,"17":0,"20":0,"21":0,"23":0,"24":0,"26":0,"27":0,"28":0,"29":0,"30":0,"31":0,"32":0,"33":0,"34":0,"35":0,"38":0,"39":0,"40":0,"41":0,"42":0,"43":0,"44":0,"45":0,"46":0,"47":0,"48":0,"49":0,"52":0,"53":0,"54":0,"55":0,"56":0,"57":0,"58":0,"59":0,"60":0,"61":0,"63":0},"branchMap":{"0":{"type":"branch","line":1,"loc":{"start":{"line":1,"column":1617},"end":{"line":64,"column":1}},"locations":[{"start":{"line":1,"column":1617},"end":{"line":64,"column":1}}]}},"b":{"0":[0]},"fnMap":{"0":{"name":"(empty-report)","decl":{"start":{"line":1,"column":1617},"end":{"line":64,"column":1}},"loc":{"start":{"line":1,"column":1617},"end":{"line":64,"column":1}},"line":1}},"f":{"0":0}}
,"C:\\Users\\tanne\\OneDrive\\Documents\\Gauntlet\\CollabCanva\\collabcanvas\\src\\components\\ErrorBoundary.tsx": {"path":"C:\\Users\\tanne\\OneDrive\\Documents\\Gauntlet\\CollabCanva\\collabcanvas\\src\\components\\ErrorBoundary.tsx","all":true,"statementMap":{"0":{"start":{"line":1,"column":0},"end":{"line":1,"column":55}},"16":{"start":{"line":17,"column":0},"end":{"line":17,"column":79}},"17":{"start":{"line":18,"column":0},"end":{"line":18,"column":42}},"18":{"start":{"line":19,"column":0},"end":{"line":19,"column":16}},"19":{"start":{"line":20,"column":0},"end":{"line":20,"column":18}},"20":{"start":{"line":21,"column":0},"end":{"line":21,"column":22}},"21":{"start":{"line":22,"column":0},"end":{"line":22,"column":18}},"22":{"start":{"line":23,"column":0},"end":{"line":23,"column":22}},"23":{"start":{"line":24,"column":0},"end":{"line":24,"column":5}},"24":{"start":{"line":25,"column":0},"end":{"line":25,"column":3}},"26":{"start":{"line":27,"column":0},"end":{"line":27,"column":78}},"28":{"start":{"line":29,"column":0},"end":{"line":29,"column":36}},"29":{"start":{"line":30,"column":0},"end":{"line":30,"column":3}},"31":{"start":{"line":32,"column":0},"end":{"line":32,"column":63}},"33":{"start":{"line":34,"column":0},"end":{"line":34,"column":69}},"34":{"start":{"line":35,"column":0},"end":{"line":35,"column":19}},"35":{"start":{"line":36,"column":0},"end":{"line":36,"column":12}},"36":{"start":{"line":37,"column":0},"end":{"line":37,"column":16}},"37":{"start":{"line":38,"column":0},"end":{"line":38,"column":6}},"38":{"start":{"line":39,"column":0},"end":{"line":39,"column":3}},"40":{"start":{"line":41,"column":0},"end":{"line":41,"column":29}},"42":{"start":{"line":43,"column":0},"end":{"line":43,"column":19}},"43":{"start":{"line":44,"column":0},"end":{"line":44,"column":22}},"44":{"start":{"line":45,"column":0},"end":{"line":45,"column":18}},"45":{"start":{"line":46,"column":0},"end":{"line":46,"column":22}},"46":{"start":{"line":47,"column":0},"end":{"line":47,"column":6}},"47":{"start":{"line":48,"column":0},"end":{"line":48,"column":28}},"48":{"start":{"line":49,"column":0},"end":{"line":49,"column":3}},"50":{"start":{"line":51,"column":0},"end":{"line":51,"column":23}},"51":{"start":{"line":52,"column":0},"end":{"line":52,"column":30}},"53":{"start":{"line":54,"column":0},"end":{"line":54,"column":14}},"54":{"start":{"line":55,"column":0},"end":{"line":55,"column":87}},"55":{"start":{"line":56,"column":0},"end":{"line":56,"column":78}},"56":{"start":{"line":57,"column":0},"end":{"line":57,"column":67}},"57":{"start":{"line":58,"column":0},"end":{"line":58,"column":18}},"58":{"start":{"line":59,"column":0},"end":{"line":59,"column":50}},"59":{"start":{"line":60,"column":0},"end":{"line":60,"column":27}},"60":{"start":{"line":61,"column":0},"end":{"line":61,"column":35}},"61":{"start":{"line":62,"column":0},"end":{"line":62,"column":37}},"63":{"start":{"line":64,"column":0},"end":{"line":64,"column":21}},"64":{"start":{"line":65,"column":0},"end":{"line":65,"column":39}},"65":{"start":{"line":66,"column":0},"end":{"line":66,"column":40}},"66":{"start":{"line":67,"column":0},"end":{"line":67,"column":33}},"67":{"start":{"line":68,"column":0},"end":{"line":68,"column":154}},"68":{"start":{"line":69,"column":0},"end":{"line":69,"column":18}},"69":{"start":{"line":70,"column":0},"end":{"line":70,"column":20}},"70":{"start":{"line":71,"column":0},"end":{"line":71,"column":18}},"72":{"start":{"line":73,"column":0},"end":{"line":73,"column":78}},"74":{"start":{"line":75,"column":0},"end":{"line":75,"column":17}},"76":{"start":{"line":77,"column":0},"end":{"line":77,"column":58}},"79":{"start":{"line":80,"column":0},"end":{"line":80,"column":16}},"82":{"start":{"line":83,"column":0},"end":{"line":83,"column":57}},"83":{"start":{"line":84,"column":0},"end":{"line":84,"column":86}},"84":{"start":{"line":85,"column":0},"end":{"line":85,"column":85}},"86":{"start":{"line":87,"column":0},"end":{"line":87,"column":26}},"87":{"start":{"line":88,"column":0},"end":{"line":88,"column":41}},"88":{"start":{"line":89,"column":0},"end":{"line":89,"column":61}},"89":{"start":{"line":90,"column":0},"end":{"line":90,"column":49}},"90":{"start":{"line":91,"column":0},"end":{"line":91,"column":22}},"91":{"start":{"line":92,"column":0},"end":{"line":92,"column":44}},"92":{"start":{"line":93,"column":0},"end":{"line":93,"column":94}},"93":{"start":{"line":94,"column":0},"end":{"line":94,"column":59}},"94":{"start":{"line":95,"column":0},"end":{"line":95,"column":26}},"96":{"start":{"line":97,"column":0},"end":{"line":97,"column":22}},"97":{"start":{"line":98,"column":0},"end":{"line":98,"column":24}},"100":{"start":{"line":101,"column":0},"end":{"line":101,"column":76}},"101":{"start":{"line":102,"column":0},"end":{"line":102,"column":21}},"102":{"start":{"line":103,"column":0},"end":{"line":103,"column":42}},"103":{"start":{"line":104,"column":0},"end":{"line":104,"column":119}},"104":{"start":{"line":105,"column":0},"end":{"line":105,"column":15}},"106":{"start":{"line":107,"column":0},"end":{"line":107,"column":23}},"107":{"start":{"line":108,"column":0},"end":{"line":108,"column":16}},"108":{"start":{"line":109,"column":0},"end":{"line":109,"column":24}},"109":{"start":{"line":110,"column":0},"end":{"line":110,"column":134}},"110":{"start":{"line":111,"column":0},"end":{"line":111,"column":15}},"112":{"start":{"line":113,"column":0},"end":{"line":113,"column":18}},"113":{"start":{"line":114,"column":0},"end":{"line":114,"column":18}},"115":{"start":{"line":116,"column":0},"end":{"line":116,"column":64}},"116":{"start":{"line":117,"column":0},"end":{"line":117,"column":63}},"118":{"start":{"line":119,"column":0},"end":{"line":119,"column":18}},"119":{"start":{"line":120,"column":0},"end":{"line":120,"column":67}},"120":{"start":{"line":121,"column":0},"end":{"line":121,"column":65}},"121":{"start":{"line":122,"column":0},"end":{"line":122,"column":49}},"123":{"start":{"line":124,"column":0},"end":{"line":124,"column":21}},"124":{"start":{"line":125,"column":0},"end":{"line":125,"column":65}},"125":{"start":{"line":126,"column":0},"end":{"line":126,"column":49}},"127":{"start":{"line":128,"column":0},"end":{"line":128,"column":21}},"128":{"start":{"line":129,"column":0},"end":{"line":129,"column":65}},"129":{"start":{"line":130,"column":0},"end":{"line":130,"column":49}},"131":{"start":{"line":132,"column":0},"end":{"line":132,"column":21}},"132":{"start":{"line":133,"column":0},"end":{"line":133,"column":19}},"133":{"start":{"line":134,"column":0},"end":{"line":134,"column":18}},"134":{"start":{"line":135,"column":0},"end":{"line":135,"column":16}},"135":{"start":{"line":136,"column":0},"end":{"line":136,"column":14}},"137":{"start":{"line":138,"column":0},"end":{"line":138,"column":5}},"140":{"start":{"line":141,"column":0},"end":{"line":141,"column":30}},"141":{"start":{"line":142,"column":0},"end":{"line":142,"column":3}},"142":{"start":{"line":143,"column":0},"end":{"line":143,"column":1}},"144":{"start":{"line":145,"column":0},"end":{"line":145,"column":28}}},"s":{"0":0,"16":0,"17":0,"18":0,"19":0,"20":0,"21":0,"22":0,"23":0,"24":0,"26":0,"28":0,"29":0,"31":0,"33":0,"34":0,"35":0,"36":0,"37":0,"38":0,"40":0,"42":0,"43":0,"44":0,"45":0,"46":0,"47":0,"48":0,"50":0,"51":0,"53":0,"54":0,"55":0,"56":0,"57":0,"58":0,"59":0,"60":0,"61":0,"63":0,"64":0,"65":0,"66":0,"67":0,"68":0,"69":0,"70":0,"72":0,"74":0,"76":0,"79":0,"82":0,"83":0,"84":0,"86":0,"87":0,"88":0,"89":0,"90":0,"91":0,"92":0,"93":0,"94":0,"96":0,"97":0,"100":0,"101":0,"102":0,"103":0,"104":0,"106":0,"107":0,"108":0,"109":0,"110":0,"112":0,"113":0,"115":0,"116":0,"118":0,"119":0,"120":0,"121":0,"123":0,"124":0,"125":0,"127":0,"128":0,"129":0,"131":0,"132":0,"133":0,"134":0,"135":0,"137":0,"140":0,"141":0,"142":0,"144":0},"branchMap":{"0":{"type":"branch","line":1,"loc":{"start":{"line":1,"column":5082},"end":{"line":145,"column":28}},"locations":[{"start":{"line":1,"column":5082},"end":{"line":145,"column":28}}]}},"b":{"0":[0]},"fnMap":{"0":{"name":"(empty-report)","decl":{"start":{"line":1,"column":5082},"end":{"line":145,"column":28}},"loc":{"start":{"line":1,"column":5082},"end":{"line":145,"column":28}},"line":1}},"f":{"0":0}}
,"C:\\Users\\tanne\\OneDrive\\Documents\\Gauntlet\\CollabCanva\\collabcanvas\\src\\components\\Login.tsx": {"path":"C:\\Users\\tanne\\OneDrive\\Documents\\Gauntlet\\CollabCanva\\collabcanvas\\src\\components\\Login.tsx","all":false,"statementMap":{"0":{"start":{"line":1,"column":0},"end":{"line":1,"column":32}},"2":{"start":{"line":3,"column":0},"end":{"line":3,"column":49}},"4":{"start":{"line":5,"column":0},"end":{"line":5,"column":33}},"5":{"start":{"line":6,"column":0},"end":{"line":6,"column":49}},"6":{"start":{"line":7,"column":0},"end":{"line":7,"column":40}},"7":{"start":{"line":8,"column":0},"end":{"line":8,"column":46}},"8":{"start":{"line":9,"column":0},"end":{"line":9,"column":52}},"9":{"start":{"line":10,"column":0},"end":{"line":10,"column":40}},"10":{"start":{"line":11,"column":0},"end":{"line":11,"column":47}},"12":{"start":{"line":13,"column":0},"end":{"line":13,"column":48}},"13":{"start":{"line":14,"column":0},"end":{"line":14,"column":22}},"14":{"start":{"line":15,"column":0},"end":{"line":15,"column":16}},"17":{"start":{"line":18,"column":0},"end":{"line":18,"column":30}},"18":{"start":{"line":19,"column":0},"end":{"line":19,"column":52}},"19":{"start":{"line":20,"column":0},"end":{"line":20,"column":12}},"20":{"start":{"line":21,"column":0},"end":{"line":21,"column":5}},"22":{"start":{"line":23,"column":0},"end":{"line":23,"column":30}},"23":{"start":{"line":24,"column":0},"end":{"line":24,"column":56}},"24":{"start":{"line":25,"column":0},"end":{"line":25,"column":12}},"25":{"start":{"line":26,"column":0},"end":{"line":26,"column":5}},"27":{"start":{"line":28,"column":0},"end":{"line":28,"column":35}},"28":{"start":{"line":29,"column":0},"end":{"line":29,"column":48}},"29":{"start":{"line":30,"column":0},"end":{"line":30,"column":12}},"30":{"start":{"line":31,"column":0},"end":{"line":31,"column":5}},"32":{"start":{"line":33,"column":0},"end":{"line":33,"column":20}},"34":{"start":{"line":35,"column":0},"end":{"line":35,"column":9}},"35":{"start":{"line":36,"column":0},"end":{"line":36,"column":21}},"36":{"start":{"line":37,"column":0},"end":{"line":37,"column":50}},"37":{"start":{"line":38,"column":0},"end":{"line":38,"column":14}},"38":{"start":{"line":39,"column":0},"end":{"line":39,"column":37}},"39":{"start":{"line":40,"column":0},"end":{"line":40,"column":7}},"41":{"start":{"line":42,"column":0},"end":{"line":42,"column":24}},"42":{"start":{"line":43,"column":0},"end":{"line":43,"column":54}},"43":{"start":{"line":44,"column":0},"end":{"line":44,"column":15}},"44":{"start":{"line":45,"column":0},"end":{"line":45,"column":23}},"45":{"start":{"line":46,"column":0},"end":{"line":46,"column":5}},"46":{"start":{"line":47,"column":0},"end":{"line":47,"column":3}},"48":{"start":{"line":49,"column":0},"end":{"line":49,"column":28}},"49":{"start":{"line":50,"column":0},"end":{"line":50,"column":26}},"50":{"start":{"line":51,"column":0},"end":{"line":51,"column":16}},"51":{"start":{"line":52,"column":0},"end":{"line":52,"column":3}},"53":{"start":{"line":54,"column":0},"end":{"line":54,"column":10}},"54":{"start":{"line":55,"column":0},"end":{"line":55,"column":112}},"55":{"start":{"line":56,"column":0},"end":{"line":56,"column":74}},"57":{"start":{"line":58,"column":0},"end":{"line":58,"column":42}},"58":{"start":{"line":59,"column":0},"end":{"line":59,"column":64}},"60":{"start":{"line":61,"column":0},"end":{"line":61,"column":15}},"61":{"start":{"line":62,"column":0},"end":{"line":62,"column":39}},"62":{"start":{"line":63,"column":0},"end":{"line":63,"column":70}},"63":{"start":{"line":64,"column":0},"end":{"line":64,"column":14}},"64":{"start":{"line":65,"column":0},"end":{"line":65,"column":14}},"67":{"start":{"line":68,"column":0},"end":{"line":68,"column":19}},"68":{"start":{"line":69,"column":0},"end":{"line":69,"column":100}},"69":{"start":{"line":70,"column":0},"end":{"line":70,"column":19}},"70":{"start":{"line":71,"column":0},"end":{"line":71,"column":16}},"74":{"start":{"line":75,"column":0},"end":{"line":75,"column":60}},"76":{"start":{"line":77,"column":0},"end":{"line":77,"column":24}},"77":{"start":{"line":78,"column":0},"end":{"line":78,"column":17}},"78":{"start":{"line":79,"column":0},"end":{"line":79,"column":20}},"79":{"start":{"line":80,"column":0},"end":{"line":80,"column":37}},"80":{"start":{"line":81,"column":0},"end":{"line":81,"column":72}},"81":{"start":{"line":82,"column":0},"end":{"line":82,"column":15}},"83":{"start":{"line":84,"column":0},"end":{"line":84,"column":22}},"84":{"start":{"line":85,"column":0},"end":{"line":85,"column":20}},"85":{"start":{"line":86,"column":0},"end":{"line":86,"column":32}},"86":{"start":{"line":87,"column":0},"end":{"line":87,"column":27}},"87":{"start":{"line":88,"column":0},"end":{"line":88,"column":35}},"88":{"start":{"line":89,"column":0},"end":{"line":89,"column":64}},"89":{"start":{"line":90,"column":0},"end":{"line":90,"column":45}},"90":{"start":{"line":91,"column":0},"end":{"line":91,"column":160}},"91":{"start":{"line":92,"column":0},"end":{"line":92,"column":35}},"92":{"start":{"line":93,"column":0},"end":{"line":93,"column":34}},"93":{"start":{"line":94,"column":0},"end":{"line":94,"column":16}},"94":{"start":{"line":95,"column":0},"end":{"line":95,"column":18}},"98":{"start":{"line":99,"column":0},"end":{"line":99,"column":15}},"99":{"start":{"line":100,"column":0},"end":{"line":100,"column":18}},"100":{"start":{"line":101,"column":0},"end":{"line":101,"column":29}},"101":{"start":{"line":102,"column":0},"end":{"line":102,"column":70}},"102":{"start":{"line":103,"column":0},"end":{"line":103,"column":13}},"104":{"start":{"line":105,"column":0},"end":{"line":105,"column":20}},"105":{"start":{"line":106,"column":0},"end":{"line":106,"column":18}},"106":{"start":{"line":107,"column":0},"end":{"line":107,"column":24}},"107":{"start":{"line":108,"column":0},"end":{"line":108,"column":26}},"108":{"start":{"line":109,"column":0},"end":{"line":109,"column":27}},"109":{"start":{"line":110,"column":0},"end":{"line":110,"column":56}},"110":{"start":{"line":111,"column":0},"end":{"line":111,"column":44}},"111":{"start":{"line":112,"column":0},"end":{"line":112,"column":158}},"112":{"start":{"line":113,"column":0},"end":{"line":113,"column":22}},"113":{"start":{"line":114,"column":0},"end":{"line":114,"column":32}},"114":{"start":{"line":115,"column":0},"end":{"line":115,"column":14}},"115":{"start":{"line":116,"column":0},"end":{"line":116,"column":16}},"118":{"start":{"line":119,"column":0},"end":{"line":119,"column":15}},"119":{"start":{"line":120,"column":0},"end":{"line":120,"column":18}},"120":{"start":{"line":121,"column":0},"end":{"line":121,"column":32}},"121":{"start":{"line":122,"column":0},"end":{"line":122,"column":70}},"122":{"start":{"line":123,"column":0},"end":{"line":123,"column":13}},"124":{"start":{"line":125,"column":0},"end":{"line":125,"column":20}},"125":{"start":{"line":126,"column":0},"end":{"line":126,"column":18}},"126":{"start":{"line":127,"column":0},"end":{"line":127,"column":27}},"127":{"start":{"line":128,"column":0},"end":{"line":128,"column":29}},"128":{"start":{"line":129,"column":0},"end":{"line":129,"column":30}},"129":{"start":{"line":130,"column":0},"end":{"line":130,"column":59}},"130":{"start":{"line":131,"column":0},"end":{"line":131,"column":47}},"131":{"start":{"line":132,"column":0},"end":{"line":132,"column":158}},"132":{"start":{"line":133,"column":0},"end":{"line":133,"column":22}},"133":{"start":{"line":134,"column":0},"end":{"line":134,"column":27}},"134":{"start":{"line":135,"column":0},"end":{"line":135,"column":32}},"135":{"start":{"line":136,"column":0},"end":{"line":136,"column":14}},"136":{"start":{"line":137,"column":0},"end":{"line":137,"column":54}},"138":{"start":{"line":139,"column":0},"end":{"line":139,"column":16}},"139":{"start":{"line":140,"column":0},"end":{"line":140,"column":16}},"142":{"start":{"line":143,"column":0},"end":{"line":143,"column":17}},"143":{"start":{"line":144,"column":0},"end":{"line":144,"column":25}},"144":{"start":{"line":145,"column":0},"end":{"line":145,"column":30}},"145":{"start":{"line":146,"column":0},"end":{"line":146,"column":235}},"147":{"start":{"line":148,"column":0},"end":{"line":148,"column":24}},"148":{"start":{"line":149,"column":0},"end":{"line":149,"column":65}},"149":{"start":{"line":150,"column":0},"end":{"line":150,"column":20}},"150":{"start":{"line":151,"column":0},"end":{"line":151,"column":72}},"151":{"start":{"line":152,"column":0},"end":{"line":152,"column":52}},"152":{"start":{"line":153,"column":0},"end":{"line":153,"column":29}},"153":{"start":{"line":154,"column":0},"end":{"line":154,"column":37}},"155":{"start":{"line":156,"column":0},"end":{"line":156,"column":25}},"156":{"start":{"line":157,"column":0},"end":{"line":157,"column":42}},"157":{"start":{"line":158,"column":0},"end":{"line":158,"column":27}},"158":{"start":{"line":159,"column":0},"end":{"line":159,"column":27}},"159":{"start":{"line":160,"column":0},"end":{"line":160,"column":26}},"160":{"start":{"line":161,"column":0},"end":{"line":161,"column":41}},"161":{"start":{"line":162,"column":0},"end":{"line":162,"column":35}},"162":{"start":{"line":163,"column":0},"end":{"line":163,"column":28}},"163":{"start":{"line":164,"column":0},"end":{"line":164,"column":23}},"164":{"start":{"line":165,"column":0},"end":{"line":165,"column":42}},"165":{"start":{"line":166,"column":0},"end":{"line":166,"column":39}},"166":{"start":{"line":167,"column":0},"end":{"line":167,"column":135}},"167":{"start":{"line":168,"column":0},"end":{"line":168,"column":26}},"168":{"start":{"line":169,"column":0},"end":{"line":169,"column":22}},"170":{"start":{"line":171,"column":0},"end":{"line":171,"column":21}},"171":{"start":{"line":172,"column":0},"end":{"line":172,"column":28}},"172":{"start":{"line":173,"column":0},"end":{"line":173,"column":23}},"174":{"start":{"line":175,"column":0},"end":{"line":175,"column":23}},"176":{"start":{"line":177,"column":0},"end":{"line":177,"column":19}},"177":{"start":{"line":178,"column":0},"end":{"line":178,"column":15}},"180":{"start":{"line":181,"column":0},"end":{"line":181,"column":42}},"181":{"start":{"line":182,"column":0},"end":{"line":182,"column":17}},"182":{"start":{"line":183,"column":0},"end":{"line":183,"column":25}},"183":{"start":{"line":184,"column":0},"end":{"line":184,"column":32}},"184":{"start":{"line":185,"column":0},"end":{"line":185,"column":30}},"185":{"start":{"line":186,"column":0},"end":{"line":186,"column":97}},"187":{"start":{"line":188,"column":0},"end":{"line":188,"column":21}},"188":{"start":{"line":189,"column":0},"end":{"line":189,"column":50}},"189":{"start":{"line":190,"column":0},"end":{"line":190,"column":49}},"190":{"start":{"line":191,"column":0},"end":{"line":191,"column":19}},"191":{"start":{"line":192,"column":0},"end":{"line":192,"column":14}},"192":{"start":{"line":193,"column":0},"end":{"line":193,"column":12}},"193":{"start":{"line":194,"column":0},"end":{"line":194,"column":10}},"195":{"start":{"line":196,"column":0},"end":{"line":196,"column":1}}},"s":{"0":1,"2":1,"4":158,"5":158,"6":158,"7":158,"8":158,"9":158,"10":158,"12":158,"13":5,"14":5,"17":5,"18":0,"19":0,"20":0,"22":5,"23":1,"24":1,"25":1,"27":5,"28":0,"29":0,"30":0,"32":4,"34":4,"35":5,"36":1,"37":5,"38":3,"39":1,"41":5,"42":1,"43":5,"44":3,"45":3,"46":5,"48":158,"49":5,"50":5,"51":5,"53":158,"54":158,"55":158,"57":158,"58":158,"60":158,"61":158,"62":158,"63":158,"64":158,"67":158,"68":2,"69":2,"70":2,"74":158,"76":158,"77":42,"78":42,"79":42,"80":42,"81":42,"83":42,"84":42,"85":42,"86":42,"87":42,"88":42,"89":42,"90":42,"91":42,"92":42,"93":42,"94":42,"98":158,"99":158,"100":158,"101":158,"102":158,"104":158,"105":158,"106":158,"107":158,"108":158,"109":158,"110":158,"111":158,"112":158,"113":158,"114":158,"115":158,"118":158,"119":158,"120":158,"121":158,"122":158,"124":158,"125":158,"126":158,"127":158,"128":158,"129":158,"130":158,"131":158,"132":158,"133":158,"134":158,"135":158,"136":158,"138":158,"139":158,"142":158,"143":158,"144":158,"145":158,"147":158,"148":4,"149":4,"150":4,"151":4,"152":4,"153":4,"155":4,"156":4,"157":4,"158":4,"159":4,"160":4,"161":4,"162":4,"163":4,"164":4,"165":4,"166":4,"167":4,"168":4,"170":4,"171":154,"172":41,"174":113,"176":158,"177":158,"180":158,"181":158,"182":158,"183":158,"184":158,"185":158,"187":158,"188":42,"189":116,"190":158,"191":158,"192":158,"193":158,"195":158},"branchMap":{"0":{"type":"branch","line":5,"loc":{"start":{"line":5,"column":0},"end":{"line":196,"column":1}},"locations":[{"start":{"line":5,"column":0},"end":{"line":196,"column":1}}]},"1":{"type":"branch","line":63,"loc":{"start":{"line":63,"column":13},"end":{"line":63,"column":48}},"locations":[{"start":{"line":63,"column":13},"end":{"line":63,"column":48}}]},"2":{"type":"branch","line":63,"loc":{"start":{"line":63,"column":24},"end":{"line":63,"column":70}},"locations":[{"start":{"line":63,"column":24},"end":{"line":63,"column":70}}]},"3":{"type":"branch","line":68,"loc":{"start":{"line":68,"column":9},"end":{"line":71,"column":16}},"locations":[{"start":{"line":68,"column":9},"end":{"line":71,"column":16}}]},"4":{"type":"branch","line":77,"loc":{"start":{"line":77,"column":11},"end":{"line":95,"column":18}},"locations":[{"start":{"line":77,"column":11},"end":{"line":95,"column":18}}]},"5":{"type":"branch","line":148,"loc":{"start":{"line":148,"column":13},"end":{"line":171,"column":21}},"locations":[{"start":{"line":148,"column":13},"end":{"line":171,"column":21}}]},"6":{"type":"branch","line":171,"loc":{"start":{"line":171,"column":14},"end":{"line":175,"column":23}},"locations":[{"start":{"line":171,"column":14},"end":{"line":175,"column":23}}]},"7":{"type":"branch","line":172,"loc":{"start":{"line":172,"column":16},"end":{"line":173,"column":23}},"locations":[{"start":{"line":172,"column":16},"end":{"line":173,"column":23}}]},"8":{"type":"branch","line":173,"loc":{"start":{"line":173,"column":14},"end":{"line":175,"column":23}},"locations":[{"start":{"line":173,"column":14},"end":{"line":175,"column":23}}]},"9":{"type":"branch","line":188,"loc":{"start":{"line":188,"column":13},"end":{"line":189,"column":50}},"locations":[{"start":{"line":188,"column":13},"end":{"line":189,"column":50}}]},"10":{"type":"branch","line":189,"loc":{"start":{"line":189,"column":16},"end":{"line":190,"column":49}},"locations":[{"start":{"line":189,"column":16},"end":{"line":190,"column":49}}]},"11":{"type":"branch","line":13,"loc":{"start":{"line":13,"column":23},"end":{"line":47,"column":3}},"locations":[{"start":{"line":13,"column":23},"end":{"line":47,"column":3}}]},"12":{"type":"branch","line":18,"loc":{"start":{"line":18,"column":29},"end":{"line":21,"column":5}},"locations":[{"start":{"line":18,"column":29},"end":{"line":21,"column":5}}]},"13":{"type":"branch","line":23,"loc":{"start":{"line":23,"column":29},"end":{"line":26,"column":5}},"locations":[{"start":{"line":23,"column":29},"end":{"line":26,"column":5}}]},"14":{"type":"branch","line":26,"loc":{"start":{"line":26,"column":4},"end":{"line":28,"column":20}},"locations":[{"start":{"line":26,"column":4},"end":{"line":28,"column":20}}]},"15":{"type":"branch","line":28,"loc":{"start":{"line":28,"column":8},"end":{"line":28,"column":34}},"locations":[{"start":{"line":28,"column":8},"end":{"line":28,"column":34}}]},"16":{"type":"branch","line":28,"loc":{"start":{"line":28,"column":34},"end":{"line":31,"column":5}},"locations":[{"start":{"line":28,"column":34},"end":{"line":31,"column":5}}]},"17":{"type":"branch","line":31,"loc":{"start":{"line":31,"column":4},"end":{"line":36,"column":20}},"locations":[{"start":{"line":31,"column":4},"end":{"line":36,"column":20}}]},"18":{"type":"branch","line":36,"loc":{"start":{"line":36,"column":20},"end":{"line":38,"column":13}},"locations":[{"start":{"line":36,"column":20},"end":{"line":38,"column":13}}]},"19":{"type":"branch","line":38,"loc":{"start":{"line":38,"column":6},"end":{"line":40,"column":7}},"locations":[{"start":{"line":38,"column":6},"end":{"line":40,"column":7}}]},"20":{"type":"branch","line":39,"loc":{"start":{"line":39,"column":36},"end":{"line":40,"column":7}},"locations":[{"start":{"line":39,"column":36},"end":{"line":40,"column":7}}]},"21":{"type":"branch","line":42,"loc":{"start":{"line":42,"column":4},"end":{"line":44,"column":6}},"locations":[{"start":{"line":42,"column":4},"end":{"line":44,"column":6}}]},"22":{"type":"branch","line":43,"loc":{"start":{"line":43,"column":19},"end":{"line":43,"column":53}},"locations":[{"start":{"line":43,"column":19},"end":{"line":43,"column":53}}]},"23":{"type":"branch","line":44,"loc":{"start":{"line":44,"column":4},"end":{"line":46,"column":5}},"locations":[{"start":{"line":44,"column":4},"end":{"line":46,"column":5}}]},"24":{"type":"branch","line":49,"loc":{"start":{"line":49,"column":21},"end":{"line":52,"column":3}},"locations":[{"start":{"line":49,"column":21},"end":{"line":52,"column":3}}]},"25":{"type":"branch","line":89,"loc":{"start":{"line":89,"column":26},"end":{"line":89,"column":64}},"locations":[{"start":{"line":89,"column":26},"end":{"line":89,"column":64}}]},"26":{"type":"branch","line":110,"loc":{"start":{"line":110,"column":24},"end":{"line":110,"column":56}},"locations":[{"start":{"line":110,"column":24},"end":{"line":110,"column":56}}]},"27":{"type":"branch","line":130,"loc":{"start":{"line":130,"column":24},"end":{"line":130,"column":59}},"locations":[{"start":{"line":130,"column":24},"end":{"line":130,"column":59}}]}},"b":{"0":[158],"1":[42],"2":[116],"3":[2],"4":[42],"5":[4],"6":[154],"7":[41],"8":[113],"9":[42],"10":[116],"11":[5],"12":[0],"13":[1],"14":[4],"15":[1],"16":[0],"17":[4],"18":[1],"19":[3],"20":[1],"21":[1],"22":[0],"23":[3],"24":[5],"25":[9],"26":[80],"27":[45]},"fnMap":{"0":{"name":"Login","decl":{"start":{"line":5,"column":0},"end":{"line":196,"column":1}},"loc":{"start":{"line":5,"column":0},"end":{"line":196,"column":1}},"line":5},"1":{"name":"handleSubmit","decl":{"start":{"line":13,"column":23},"end":{"line":47,"column":3}},"loc":{"start":{"line":13,"column":23},"end":{"line":47,"column":3}},"line":13},"2":{"name":"toggleMode","decl":{"start":{"line":49,"column":21},"end":{"line":52,"column":3}},"loc":{"start":{"line":49,"column":21},"end":{"line":52,"column":3}},"line":49},"3":{"name":"onChange","decl":{"start":{"line":89,"column":26},"end":{"line":89,"column":64}},"loc":{"start":{"line":89,"column":26},"end":{"line":89,"column":64}},"line":89},"4":{"name":"onChange","decl":{"start":{"line":110,"column":24},"end":{"line":110,"column":56}},"loc":{"start":{"line":110,"column":24},"end":{"line":110,"column":56}},"line":110},"5":{"name":"onChange","decl":{"start":{"line":130,"column":24},"end":{"line":130,"column":59}},"loc":{"start":{"line":130,"column":24},"end":{"line":130,"column":59}},"line":130}},"f":{"0":158,"1":5,"2":5,"3":9,"4":80,"5":45}}
,"C:\\Users\\tanne\\OneDrive\\Documents\\Gauntlet\\CollabCanva\\collabcanvas\\src\\components\\PresenceBar.tsx": {"path":"C:\\Users\\tanne\\OneDrive\\Documents\\Gauntlet\\CollabCanva\\collabcanvas\\src\\components\\PresenceBar.tsx","all":true,"statementMap":{"0":{"start":{"line":1,"column":0},"end":{"line":1,"column":41}},"14":{"start":{"line":15,"column":0},"end":{"line":15,"column":84}},"15":{"start":{"line":16,"column":0},"end":{"line":16,"column":36}},"16":{"start":{"line":17,"column":0},"end":{"line":17,"column":9}},"17":{"start":{"line":18,"column":0},"end":{"line":18,"column":20}},"18":{"start":{"line":19,"column":0},"end":{"line":19,"column":21}},"19":{"start":{"line":20,"column":0},"end":{"line":20,"column":44}},"20":{"start":{"line":21,"column":0},"end":{"line":21,"column":5}},"21":{"start":{"line":22,"column":0},"end":{"line":22,"column":3}},"24":{"start":{"line":25,"column":0},"end":{"line":25,"column":20}},"25":{"start":{"line":26,"column":0},"end":{"line":26,"column":5}},"26":{"start":{"line":27,"column":0},"end":{"line":27,"column":66}},"27":{"start":{"line":28,"column":0},"end":{"line":28,"column":48}},"28":{"start":{"line":29,"column":0},"end":{"line":29,"column":19}},"29":{"start":{"line":30,"column":0},"end":{"line":30,"column":6}},"30":{"start":{"line":31,"column":0},"end":{"line":31,"column":59}},"31":{"start":{"line":32,"column":0},"end":{"line":32,"column":23}},"32":{"start":{"line":33,"column":0},"end":{"line":33,"column":25}},"33":{"start":{"line":34,"column":0},"end":{"line":34,"column":20}},"34":{"start":{"line":35,"column":0},"end":{"line":35,"column":8}},"35":{"start":{"line":36,"column":0},"end":{"line":36,"column":3}},"37":{"start":{"line":38,"column":0},"end":{"line":38,"column":10}},"38":{"start":{"line":39,"column":0},"end":{"line":39,"column":119}},"40":{"start":{"line":41,"column":0},"end":{"line":41,"column":51}},"41":{"start":{"line":42,"column":0},"end":{"line":42,"column":70}},"42":{"start":{"line":43,"column":0},"end":{"line":43,"column":12}},"45":{"start":{"line":46,"column":0},"end":{"line":46,"column":51}},"46":{"start":{"line":47,"column":0},"end":{"line":47,"column":53}},"47":{"start":{"line":48,"column":0},"end":{"line":48,"column":34}},"48":{"start":{"line":49,"column":0},"end":{"line":49,"column":15}},"51":{"start":{"line":52,"column":0},"end":{"line":52,"column":54}},"52":{"start":{"line":53,"column":0},"end":{"line":53,"column":42}},"53":{"start":{"line":54,"column":0},"end":{"line":54,"column":16}},"54":{"start":{"line":55,"column":0},"end":{"line":55,"column":25}},"55":{"start":{"line":56,"column":0},"end":{"line":56,"column":40}},"56":{"start":{"line":57,"column":0},"end":{"line":57,"column":57}},"59":{"start":{"line":60,"column":0},"end":{"line":60,"column":18}},"60":{"start":{"line":61,"column":0},"end":{"line":61,"column":145}},"61":{"start":{"line":62,"column":0},"end":{"line":62,"column":55}},"62":{"start":{"line":63,"column":0},"end":{"line":63,"column":33}},"64":{"start":{"line":65,"column":0},"end":{"line":65,"column":51}},"65":{"start":{"line":66,"column":0},"end":{"line":66,"column":20}},"68":{"start":{"line":69,"column":0},"end":{"line":69,"column":230}},"69":{"start":{"line":70,"column":0},"end":{"line":70,"column":27}},"70":{"start":{"line":71,"column":0},"end":{"line":71,"column":41}},"71":{"start":{"line":72,"column":0},"end":{"line":72,"column":20}},"72":{"start":{"line":73,"column":0},"end":{"line":73,"column":18}},"73":{"start":{"line":74,"column":0},"end":{"line":74,"column":13}},"74":{"start":{"line":75,"column":0},"end":{"line":75,"column":14}},"77":{"start":{"line":78,"column":0},"end":{"line":78,"column":15}},"78":{"start":{"line":79,"column":0},"end":{"line":79,"column":32}},"79":{"start":{"line":80,"column":0},"end":{"line":80,"column":126}},"80":{"start":{"line":81,"column":0},"end":{"line":81,"column":9}},"82":{"start":{"line":83,"column":0},"end":{"line":83,"column":17}},"83":{"start":{"line":84,"column":0},"end":{"line":84,"column":12}},"84":{"start":{"line":85,"column":0},"end":{"line":85,"column":10}},"86":{"start":{"line":87,"column":0},"end":{"line":87,"column":1}}},"s":{"0":0,"14":0,"15":0,"16":0,"17":0,"18":0,"19":0,"20":0,"21":0,"24":0,"25":0,"26":0,"27":0,"28":0,"29":0,"30":0,"31":0,"32":0,"33":0,"34":0,"35":0,"37":0,"38":0,"40":0,"41":0,"42":0,"45":0,"46":0,"47":0,"48":0,"51":0,"52":0,"53":0,"54":0,"55":0,"56":0,"59":0,"60":0,"61":0,"62":0,"64":0,"65":0,"68":0,"69":0,"70":0,"71":0,"72":0,"73":0,"74":0,"77":0,"78":0,"79":0,"80":0,"82":0,"83":0,"84":0,"86":0},"branchMap":{"0":{"type":"branch","line":1,"loc":{"start":{"line":1,"column":2835},"end":{"line":87,"column":1}},"locations":[{"start":{"line":1,"column":2835},"end":{"line":87,"column":1}}]}},"b":{"0":[0]},"fnMap":{"0":{"name":"(empty-report)","decl":{"start":{"line":1,"column":2835},"end":{"line":87,"column":1}},"loc":{"start":{"line":1,"column":2835},"end":{"line":87,"column":1}},"line":1}},"f":{"0":0}}
,"C:\\Users\\tanne\\OneDrive\\Documents\\Gauntlet\\CollabCanva\\collabcanvas\\src\\components\\ProtectedRoute.tsx": {"path":"C:\\Users\\tanne\\OneDrive\\Documents\\Gauntlet\\CollabCanva\\collabcanvas\\src\\components\\ProtectedRoute.tsx","all":false,"statementMap":{"1":{"start":{"line":2,"column":0},"end":{"line":2,"column":42}},"2":{"start":{"line":3,"column":0},"end":{"line":3,"column":27}},"13":{"start":{"line":14,"column":0},"end":{"line":14,"column":75}},"14":{"start":{"line":15,"column":0},"end":{"line":15,"column":37}},"17":{"start":{"line":18,"column":0},"end":{"line":18,"column":16}},"18":{"start":{"line":19,"column":0},"end":{"line":19,"column":12}},"19":{"start":{"line":20,"column":0},"end":{"line":20,"column":81}},"20":{"start":{"line":21,"column":0},"end":{"line":21,"column":37}},"21":{"start":{"line":22,"column":0},"end":{"line":22,"column":14}},"22":{"start":{"line":23,"column":0},"end":{"line":23,"column":73}},"23":{"start":{"line":24,"column":0},"end":{"line":24,"column":46}},"24":{"start":{"line":25,"column":0},"end":{"line":25,"column":23}},"25":{"start":{"line":26,"column":0},"end":{"line":26,"column":31}},"27":{"start":{"line":28,"column":0},"end":{"line":28,"column":19}},"28":{"start":{"line":29,"column":0},"end":{"line":29,"column":36}},"29":{"start":{"line":30,"column":0},"end":{"line":30,"column":21}},"30":{"start":{"line":31,"column":0},"end":{"line":31,"column":21}},"31":{"start":{"line":32,"column":0},"end":{"line":32,"column":20}},"32":{"start":{"line":33,"column":0},"end":{"line":33,"column":35}},"33":{"start":{"line":34,"column":0},"end":{"line":34,"column":29}},"34":{"start":{"line":35,"column":0},"end":{"line":35,"column":22}},"35":{"start":{"line":36,"column":0},"end":{"line":36,"column":17}},"36":{"start":{"line":37,"column":0},"end":{"line":37,"column":36}},"37":{"start":{"line":38,"column":0},"end":{"line":38,"column":33}},"38":{"start":{"line":39,"column":0},"end":{"line":39,"column":129}},"39":{"start":{"line":40,"column":0},"end":{"line":40,"column":20}},"40":{"start":{"line":41,"column":0},"end":{"line":41,"column":16}},"41":{"start":{"line":42,"column":0},"end":{"line":42,"column":61}},"42":{"start":{"line":43,"column":0},"end":{"line":43,"column":14}},"43":{"start":{"line":44,"column":0},"end":{"line":44,"column":12}},"45":{"start":{"line":46,"column":0},"end":{"line":46,"column":3}},"48":{"start":{"line":49,"column":0},"end":{"line":49,"column":14}},"49":{"start":{"line":50,"column":0},"end":{"line":50,"column":20}},"50":{"start":{"line":51,"column":0},"end":{"line":51,"column":3}},"53":{"start":{"line":54,"column":0},"end":{"line":54,"column":24}},"54":{"start":{"line":55,"column":0},"end":{"line":55,"column":1}}},"s":{"1":1,"2":1,"13":3,"14":3,"17":3,"18":1,"19":1,"20":1,"21":1,"22":1,"23":1,"24":1,"25":1,"27":1,"28":1,"29":1,"30":1,"31":1,"32":1,"33":1,"34":1,"35":1,"36":1,"37":1,"38":1,"39":1,"40":1,"41":1,"42":1,"43":1,"45":1,"48":3,"49":1,"50":1,"53":1,"54":1},"branchMap":{"0":{"type":"branch","line":14,"loc":{"start":{"line":14,"column":0},"end":{"line":55,"column":1}},"locations":[{"start":{"line":14,"column":0},"end":{"line":55,"column":1}}]},"1":{"type":"branch","line":18,"loc":{"start":{"line":18,"column":15},"end":{"line":46,"column":3}},"locations":[{"start":{"line":18,"column":15},"end":{"line":46,"column":3}}]},"2":{"type":"branch","line":46,"loc":{"start":{"line":46,"column":2},"end":{"line":49,"column":13}},"locations":[{"start":{"line":46,"column":2},"end":{"line":49,"column":13}}]},"3":{"type":"branch","line":49,"loc":{"start":{"line":49,"column":13},"end":{"line":55,"column":1}},"locations":[{"start":{"line":49,"column":13},"end":{"line":55,"column":1}}]}},"b":{"0":[3],"1":[1],"2":[2],"3":[1]},"fnMap":{"0":{"name":"ProtectedRoute","decl":{"start":{"line":14,"column":0},"end":{"line":55,"column":1}},"loc":{"start":{"line":14,"column":0},"end":{"line":55,"column":1}},"line":14}},"f":{"0":3}}
,"C:\\Users\\tanne\\OneDrive\\Documents\\Gauntlet\\CollabCanva\\collabcanvas\\src\\components\\Toolbar.tsx": {"path":"C:\\Users\\tanne\\OneDrive\\Documents\\Gauntlet\\CollabCanva\\collabcanvas\\src\\components\\Toolbar.tsx","all":false,"statementMap":{"13":{"start":{"line":14,"column":0},"end":{"line":14,"column":33}},"14":{"start":{"line":15,"column":0},"end":{"line":15,"column":15}},"15":{"start":{"line":16,"column":0},"end":{"line":16,"column":15}},"16":{"start":{"line":17,"column":0},"end":{"line":17,"column":15}},"17":{"start":{"line":18,"column":0},"end":{"line":18,"column":11}},"18":{"start":{"line":19,"column":0},"end":{"line":19,"column":18}},"19":{"start":{"line":20,"column":0},"end":{"line":20,"column":22}},"24":{"start":{"line":25,"column":0},"end":{"line":25,"column":8}},"25":{"start":{"line":26,"column":0},"end":{"line":26,"column":57}},"26":{"start":{"line":27,"column":0},"end":{"line":27,"column":51}},"27":{"start":{"line":28,"column":0},"end":{"line":28,"column":47}},"28":{"start":{"line":29,"column":0},"end":{"line":29,"column":3}},"30":{"start":{"line":31,"column":0},"end":{"line":31,"column":10}},"31":{"start":{"line":32,"column":0},"end":{"line":32,"column":124}},"33":{"start":{"line":34,"column":0},"end":{"line":34,"column":28}},"34":{"start":{"line":35,"column":0},"end":{"line":35,"column":15}},"35":{"start":{"line":36,"column":0},"end":{"line":36,"column":25}},"36":{"start":{"line":37,"column":0},"end":{"line":37,"column":49}},"37":{"start":{"line":38,"column":0},"end":{"line":38,"column":22}},"41":{"start":{"line":42,"column":0},"end":{"line":42,"column":40}},"42":{"start":{"line":43,"column":0},"end":{"line":43,"column":62}},"43":{"start":{"line":44,"column":0},"end":{"line":44,"column":80}},"44":{"start":{"line":45,"column":0},"end":{"line":45,"column":13}},"46":{"start":{"line":47,"column":0},"end":{"line":47,"column":28}},"48":{"start":{"line":49,"column":0},"end":{"line":49,"column":21}},"49":{"start":{"line":50,"column":0},"end":{"line":50,"column":17}},"50":{"start":{"line":51,"column":0},"end":{"line":51,"column":9}},"53":{"start":{"line":54,"column":0},"end":{"line":54,"column":32}},"56":{"start":{"line":57,"column":0},"end":{"line":57,"column":13}},"57":{"start":{"line":58,"column":0},"end":{"line":58,"column":26}},"58":{"start":{"line":59,"column":0},"end":{"line":59,"column":32}},"59":{"start":{"line":60,"column":0},"end":{"line":60,"column":20}},"63":{"start":{"line":64,"column":0},"end":{"line":64,"column":24}},"64":{"start":{"line":65,"column":0},"end":{"line":65,"column":66}},"65":{"start":{"line":66,"column":0},"end":{"line":66,"column":73}},"66":{"start":{"line":67,"column":0},"end":{"line":67,"column":11}},"68":{"start":{"line":69,"column":0},"end":{"line":69,"column":62}},"69":{"start":{"line":70,"column":0},"end":{"line":70,"column":7}},"71":{"start":{"line":72,"column":0},"end":{"line":72,"column":15}},"72":{"start":{"line":73,"column":0},"end":{"line":73,"column":10}},"74":{"start":{"line":75,"column":0},"end":{"line":75,"column":1}}},"s":{"13":11,"14":11,"15":11,"16":11,"17":11,"18":11,"19":11,"24":11,"25":11,"26":11,"27":11,"28":11,"30":11,"31":11,"33":11,"34":33,"35":33,"36":33,"37":33,"41":33,"42":2,"43":31,"44":33,"46":33,"48":33,"49":33,"50":11,"53":11,"56":11,"57":11,"58":11,"59":11,"63":11,"64":2,"65":9,"66":11,"68":11,"69":11,"71":11,"72":11,"74":11},"branchMap":{"0":{"type":"branch","line":14,"loc":{"start":{"line":14,"column":0},"end":{"line":75,"column":1}},"locations":[{"start":{"line":14,"column":0},"end":{"line":75,"column":1}}]},"1":{"type":"branch","line":64,"loc":{"start":{"line":64,"column":12},"end":{"line":65,"column":66}},"locations":[{"start":{"line":64,"column":12},"end":{"line":65,"column":66}}]},"2":{"type":"branch","line":65,"loc":{"start":{"line":65,"column":16},"end":{"line":66,"column":73}},"locations":[{"start":{"line":65,"column":16},"end":{"line":66,"column":73}}]},"3":{"type":"branch","line":69,"loc":{"start":{"line":69,"column":15},"end":{"line":69,"column":47}},"locations":[{"start":{"line":69,"column":15},"end":{"line":69,"column":47}}]},"4":{"type":"branch","line":69,"loc":{"start":{"line":69,"column":30},"end":{"line":69,"column":62}},"locations":[{"start":{"line":69,"column":30},"end":{"line":69,"column":62}}]},"5":{"type":"branch","line":34,"loc":{"start":{"line":34,"column":17},"end":{"line":50,"column":17}},"locations":[{"start":{"line":34,"column":17},"end":{"line":50,"column":17}}]},"6":{"type":"branch","line":42,"loc":{"start":{"line":42,"column":36},"end":{"line":43,"column":62}},"locations":[{"start":{"line":42,"column":36},"end":{"line":43,"column":62}}]},"7":{"type":"branch","line":43,"loc":{"start":{"line":43,"column":18},"end":{"line":44,"column":80}},"locations":[{"start":{"line":43,"column":18},"end":{"line":44,"column":80}}]},"8":{"type":"branch","line":37,"loc":{"start":{"line":37,"column":19},"end":{"line":37,"column":49}},"locations":[{"start":{"line":37,"column":19},"end":{"line":37,"column":49}}]}},"b":{"0":[11],"1":[2],"2":[9],"3":[2],"4":[9],"5":[33],"6":[2],"7":[31],"8":[6]},"fnMap":{"0":{"name":"Toolbar","decl":{"start":{"line":14,"column":0},"end":{"line":75,"column":1}},"loc":{"start":{"line":14,"column":0},"end":{"line":75,"column":1}},"line":14},"1":{"name":"onClick","decl":{"start":{"line":37,"column":19},"end":{"line":37,"column":49}},"loc":{"start":{"line":37,"column":19},"end":{"line":37,"column":49}},"line":37}},"f":{"0":11,"1":6}}
,"C:\\Users\\tanne\\OneDrive\\Documents\\Gauntlet\\CollabCanva\\collabcanvas\\src\\components\\shapes\\Circle.tsx": {"path":"C:\\Users\\tanne\\OneDrive\\Documents\\Gauntlet\\CollabCanva\\collabcanvas\\src\\components\\shapes\\Circle.tsx","all":true,"statementMap":{"0":{"start":{"line":1,"column":0},"end":{"line":1,"column":57}},"2":{"start":{"line":3,"column":0},"end":{"line":3,"column":58}},"18":{"start":{"line":19,"column":0},"end":{"line":19,"column":32}},"19":{"start":{"line":20,"column":0},"end":{"line":20,"column":10}},"20":{"start":{"line":21,"column":0},"end":{"line":21,"column":4}},"21":{"start":{"line":22,"column":0},"end":{"line":22,"column":4}},"22":{"start":{"line":23,"column":0},"end":{"line":23,"column":13}},"23":{"start":{"line":24,"column":0},"end":{"line":24,"column":17}},"24":{"start":{"line":25,"column":0},"end":{"line":25,"column":11}},"25":{"start":{"line":26,"column":0},"end":{"line":26,"column":12}},"26":{"start":{"line":27,"column":0},"end":{"line":27,"column":17}},"27":{"start":{"line":28,"column":0},"end":{"line":28,"column":59}},"29":{"start":{"line":30,"column":0},"end":{"line":30,"column":67}},"30":{"start":{"line":31,"column":0},"end":{"line":31,"column":25}},"31":{"start":{"line":32,"column":0},"end":{"line":32,"column":33}},"32":{"start":{"line":33,"column":0},"end":{"line":33,"column":3}},"34":{"start":{"line":35,"column":0},"end":{"line":35,"column":10}},"35":{"start":{"line":36,"column":0},"end":{"line":36,"column":6}},"37":{"start":{"line":38,"column":0},"end":{"line":38,"column":18}},"38":{"start":{"line":39,"column":0},"end":{"line":39,"column":22}},"39":{"start":{"line":40,"column":0},"end":{"line":40,"column":22}},"40":{"start":{"line":41,"column":0},"end":{"line":41,"column":23}},"41":{"start":{"line":42,"column":0},"end":{"line":42,"column":49}},"42":{"start":{"line":43,"column":0},"end":{"line":43,"column":17}},"43":{"start":{"line":44,"column":0},"end":{"line":44,"column":26}},"44":{"start":{"line":45,"column":0},"end":{"line":45,"column":24}},"45":{"start":{"line":46,"column":0},"end":{"line":46,"column":33}},"46":{"start":{"line":47,"column":0},"end":{"line":47,"column":8}},"49":{"start":{"line":50,"column":0},"end":{"line":50,"column":40}},"50":{"start":{"line":51,"column":0},"end":{"line":51,"column":13}},"51":{"start":{"line":52,"column":0},"end":{"line":52,"column":15}},"52":{"start":{"line":53,"column":0},"end":{"line":53,"column":15}},"53":{"start":{"line":54,"column":0},"end":{"line":54,"column":56}},"54":{"start":{"line":55,"column":0},"end":{"line":55,"column":57}},"55":{"start":{"line":56,"column":0},"end":{"line":56,"column":33}},"56":{"start":{"line":57,"column":0},"end":{"line":57,"column":25}},"57":{"start":{"line":58,"column":0},"end":{"line":58,"column":28}},"58":{"start":{"line":59,"column":0},"end":{"line":59,"column":27}},"59":{"start":{"line":60,"column":0},"end":{"line":60,"column":23}},"60":{"start":{"line":61,"column":0},"end":{"line":61,"column":10}},"62":{"start":{"line":63,"column":0},"end":{"line":63,"column":7}},"64":{"start":{"line":65,"column":0},"end":{"line":65,"column":1}}},"s":{"0":0,"2":0,"18":0,"19":0,"20":0,"21":0,"22":0,"23":0,"24":0,"25":0,"26":0,"27":0,"29":0,"30":0,"31":0,"32":0,"34":0,"35":0,"37":0,"38":0,"39":0,"40":0,"41":0,"42":0,"43":0,"44":0,"45":0,"46":0,"49":0,"50":0,"51":0,"52":0,"53":0,"54":0,"55":0,"56":0,"57":0,"58":0,"59":0,"60":0,"62":0,"64":0},"branchMap":{"0":{"type":"branch","line":1,"loc":{"start":{"line":1,"column":1604},"end":{"line":65,"column":1}},"locations":[{"start":{"line":1,"column":1604},"end":{"line":65,"column":1}}]}},"b":{"0":[0]},"fnMap":{"0":{"name":"(empty-report)","decl":{"start":{"line":1,"column":1604},"end":{"line":65,"column":1}},"loc":{"start":{"line":1,"column":1604},"end":{"line":65,"column":1}},"line":1}},"f":{"0":0}}
[...]
ne":66,"column":57}},"66":{"start":{"line":67,"column":0},"end":{"line":67,"column":53}},"67":{"start":{"line":68,"column":0},"end":{"line":68,"column":77}},"69":{"start":{"line":70,"column":0},"end":{"line":70,"column":12}},"70":{"start":{"line":71,"column":0},"end":{"line":71,"column":20}},"71":{"start":{"line":72,"column":0},"end":{"line":72,"column":19}},"72":{"start":{"line":73,"column":0},"end":{"line":73,"column":33}},"73":{"start":{"line":74,"column":0},"end":{"line":74,"column":33}},"74":{"start":{"line":75,"column":0},"end":{"line":75,"column":41}},"75":{"start":{"line":76,"column":0},"end":{"line":76,"column":5}},"76":{"start":{"line":77,"column":0},"end":{"line":77,"column":3}},"81":{"start":{"line":82,"column":0},"end":{"line":82,"column":30}},"82":{"start":{"line":83,"column":0},"end":{"line":83,"column":41}},"83":{"start":{"line":84,"column":0},"end":{"line":84,"column":49}},"85":{"start":{"line":86,"column":0},"end":{"line":86,"column":17}},"88":{"start":{"line":89,"column":0},"end":{"line":89,"column":28}},"89":{"start":{"line":90,"column":0},"end":{"line":90,"column":61}},"90":{"start":{"line":91,"column":0},"end":{"line":91,"column":21}},"91":{"start":{"line":92,"column":0},"end":{"line":92,"column":33}},"94":{"start":{"line":95,"column":0},"end":{"line":95,"column":26}},"95":{"start":{"line":96,"column":0},"end":{"line":96,"column":40}},"96":{"start":{"line":97,"column":0},"end":{"line":97,"column":7}},"97":{"start":{"line":98,"column":0},"end":{"line":98,"column":5}},"100":{"start":{"line":101,"column":0},"end":{"line":101,"column":35}},"101":{"start":{"line":102,"column":0},"end":{"line":102,"column":51}},"102":{"start":{"line":103,"column":0},"end":{"line":103,"column":29}},"103":{"start":{"line":104,"column":0},"end":{"line":104,"column":5}},"105":{"start":{"line":106,"column":0},"end":{"line":106,"column":60}},"106":{"start":{"line":107,"column":0},"end":{"line":107,"column":3}},"107":{"start":{"line":108,"column":0},"end":{"line":108,"column":1}},"112":{"start":{"line":113,"column":0},"end":{"line":113,"column":40}},"113":{"start":{"line":114,"column":0},"end":{"line":114,"column":30}},"114":{"start":{"line":115,"column":0},"end":{"line":115,"column":16}},"115":{"start":{"line":116,"column":0},"end":{"line":116,"column":44}},"116":{"start":{"line":117,"column":0},"end":{"line":117,"column":37}},"117":{"start":{"line":118,"column":0},"end":{"line":118,"column":34}},"118":{"start":{"line":119,"column":0},"end":{"line":119,"column":47}},"120":{"start":{"line":121,"column":0},"end":{"line":121,"column":37}},"121":{"start":{"line":122,"column":0},"end":{"line":122,"column":66}},"122":{"start":{"line":123,"column":0},"end":{"line":123,"column":3}},"124":{"start":{"line":125,"column":0},"end":{"line":125,"column":28}},"125":{"start":{"line":126,"column":0},"end":{"line":126,"column":1}},"130":{"start":{"line":131,"column":0},"end":{"line":131,"column":40}},"131":{"start":{"line":132,"column":0},"end":{"line":132,"column":21}},"132":{"start":{"line":133,"column":0},"end":{"line":133,"column":16}},"133":{"start":{"line":134,"column":0},"end":{"line":134,"column":32}},"134":{"start":{"line":135,"column":0},"end":{"line":135,"column":37}},"135":{"start":{"line":136,"column":0},"end":{"line":136,"column":28}},"136":{"start":{"line":137,"column":0},"end":{"line":137,"column":44}},"138":{"start":{"line":139,"column":0},"end":{"line":139,"column":37}},"139":{"start":{"line":140,"column":0},"end":{"line":140,"column":63}},"140":{"start":{"line":141,"column":0},"end":{"line":141,"column":3}},"142":{"start":{"line":143,"column":0},"end":{"line":143,"column":25}},"143":{"start":{"line":144,"column":0},"end":{"line":144,"column":1}},"148":{"start":{"line":149,"column":0},"end":{"line":149,"column":42}},"149":{"start":{"line":150,"column":0},"end":{"line":150,"column":63}},"150":{"start":{"line":151,"column":0},"end":{"line":151,"column":26}},"151":{"start":{"line":152,"column":0},"end":{"line":152,"column":3}},"152":{"start":{"line":153,"column":0},"end":{"line":153,"column":1}},"157":{"start":{"line":158,"column":0},"end":{"line":158,"column":24}},"158":{"start":{"line":159,"column":0},"end":{"line":159,"column":15}},"159":{"start":{"line":160,"column":0},"end":{"line":160,"column":20}},"160":{"start":{"line":161,"column":0},"end":{"line":161,"column":17}},"161":{"start":{"line":162,"column":0},"end":{"line":162,"column":18}},"162":{"start":{"line":163,"column":0},"end":{"line":163,"column":66}},"163":{"start":{"line":164,"column":0},"end":{"line":164,"column":9}},"164":{"start":{"line":165,"column":0},"end":{"line":165,"column":51}},"165":{"start":{"line":166,"column":0},"end":{"line":166,"column":56}},"166":{"start":{"line":167,"column":0},"end":{"line":167,"column":31}},"167":{"start":{"line":168,"column":0},"end":{"line":168,"column":61}},"168":{"start":{"line":169,"column":0},"end":{"line":169,"column":34}},"169":{"start":{"line":170,"column":0},"end":{"line":170,"column":72}},"170":{"start":{"line":171,"column":0},"end":{"line":171,"column":9}},"171":{"start":{"line":172,"column":0},"end":{"line":172,"column":23}},"172":{"start":{"line":173,"column":0},"end":{"line":173,"column":7}},"173":{"start":{"line":174,"column":0},"end":{"line":174,"column":21}},"174":{"start":{"line":175,"column":0},"end":{"line":175,"column":60}},"175":{"start":{"line":176,"column":0},"end":{"line":176,"column":5}},"176":{"start":{"line":177,"column":0},"end":{"line":177,"column":3}},"177":{"start":{"line":178,"column":0},"end":{"line":178,"column":13}},"178":{"start":{"line":179,"column":0},"end":{"line":179,"column":1}},"183":{"start":{"line":184,"column":0},"end":{"line":184,"column":40}},"184":{"start":{"line":185,"column":0},"end":{"line":185,"column":55}},"185":{"start":{"line":186,"column":0},"end":{"line":186,"column":46}},"186":{"start":{"line":187,"column":0},"end":{"line":187,"column":48}},"187":{"start":{"line":188,"column":0},"end":{"line":188,"column":75}},"188":{"start":{"line":189,"column":0},"end":{"line":189,"column":77}},"189":{"start":{"line":190,"column":0},"end":{"line":190,"column":77}},"190":{"start":{"line":191,"column":0},"end":{"line":191,"column":6}},"191":{"start":{"line":192,"column":0},"end":{"line":192,"column":3}},"192":{"start":{"line":193,"column":0},"end":{"line":193,"column":1}},"198":{"start":{"line":199,"column":0},"end":{"line":199,"column":33}},"199":{"start":{"line":200,"column":0},"end":{"line":200,"column":39}},"200":{"start":{"line":201,"column":0},"end":{"line":201,"column":20}},"202":{"start":{"line":203,"column":0},"end":{"line":203,"column":43}},"203":{"start":{"line":204,"column":0},"end":{"line":204,"column":47}},"205":{"start":{"line":206,"column":0},"end":{"line":206,"column":19}},"206":{"start":{"line":207,"column":0},"end":{"line":207,"column":32}},"207":{"start":{"line":208,"column":0},"end":{"line":208,"column":34}},"208":{"start":{"line":209,"column":0},"end":{"line":209,"column":32}},"209":{"start":{"line":210,"column":0},"end":{"line":210,"column":8}},"210":{"start":{"line":211,"column":0},"end":{"line":211,"column":5}},"212":{"start":{"line":213,"column":0},"end":{"line":213,"column":21}},"213":{"start":{"line":214,"column":0},"end":{"line":214,"column":3}},"214":{"start":{"line":215,"column":0},"end":{"line":215,"column":1}},"219":{"start":{"line":220,"column":0},"end":{"line":220,"column":35}},"220":{"start":{"line":221,"column":0},"end":{"line":221,"column":52}},"225":{"start":{"line":226,"column":0},"end":{"line":226,"column":44}},"226":{"start":{"line":227,"column":0},"end":{"line":227,"column":33}},"227":{"start":{"line":228,"column":0},"end":{"line":228,"column":31}},"228":{"start":{"line":229,"column":0},"end":{"line":229,"column":5}},"229":{"start":{"line":230,"column":0},"end":{"line":230,"column":38}},"230":{"start":{"line":231,"column":0},"end":{"line":231,"column":3}},"235":{"start":{"line":236,"column":0},"end":{"line":236,"column":26}},"242":{"start":{"line":243,"column":0},"end":{"line":243,"column":12}},"243":{"start":{"line":244,"column":0},"end":{"line":244,"column":40}},"244":{"start":{"line":245,"column":0},"end":{"line":245,"column":51}},"246":{"start":{"line":247,"column":0},"end":{"line":247,"column":52}},"247":{"start":{"line":248,"column":0},"end":{"line":248,"column":49}},"249":{"start":{"line":250,"column":0},"end":{"line":250,"column":12}},"250":{"start":{"line":251,"column":0},"end":{"line":251,"column":21}},"251":{"start":{"line":252,"column":0},"end":{"line":252,"column":37}},"252":{"start":{"line":253,"column":0},"end":{"line":253,"column":31}},"253":{"start":{"line":254,"column":0},"end":{"line":254,"column":52}},"254":{"start":{"line":255,"column":0},"end":{"line":255,"column":52}},"255":{"start":{"line":256,"column":0},"end":{"line":256,"column":52}},"256":{"start":{"line":257,"column":0},"end":{"line":257,"column":5}},"257":{"start":{"line":258,"column":0},"end":{"line":258,"column":3}},"262":{"start":{"line":263,"column":0},"end":{"line":263,"column":35}},"263":{"start":{"line":264,"column":0},"end":{"line":264,"column":27}},"264":{"start":{"line":265,"column":0},"end":{"line":265,"column":38}},"265":{"start":{"line":266,"column":0},"end":{"line":266,"column":40}},"266":{"start":{"line":267,"column":0},"end":{"line":267,"column":6}},"267":{"start":{"line":268,"column":0},"end":{"line":268,"column":16}},"268":{"start":{"line":269,"column":0},"end":{"line":269,"column":3}},"273":{"start":{"line":274,"column":0},"end":{"line":274,"column":17}},"274":{"start":{"line":275,"column":0},"end":{"line":275,"column":24}},"275":{"start":{"line":276,"column":0},"end":{"line":276,"column":3}},"280":{"start":{"line":281,"column":0},"end":{"line":281,"column":22}},"281":{"start":{"line":282,"column":0},"end":{"line":282,"column":56}},"282":{"start":{"line":283,"column":0},"end":{"line":283,"column":38}},"283":{"start":{"line":284,"column":0},"end":{"line":284,"column":38}},"284":{"start":{"line":285,"column":0},"end":{"line":285,"column":18}},"285":{"start":{"line":286,"column":0},"end":{"line":286,"column":32}},"286":{"start":{"line":287,"column":0},"end":{"line":287,"column":55}},"287":{"start":{"line":288,"column":0},"end":{"line":288,"column":55}},"288":{"start":{"line":289,"column":0},"end":{"line":289,"column":55}},"289":{"start":{"line":290,"column":0},"end":{"line":290,"column":61}},"290":{"start":{"line":291,"column":0},"end":{"line":291,"column":55}},"291":{"start":{"line":292,"column":0},"end":{"line":292,"column":55}},"292":{"start":{"line":293,"column":0},"end":{"line":293,"column":7}},"293":{"start":{"line":294,"column":0},"end":{"line":294,"column":6}},"294":{"start":{"line":295,"column":0},"end":{"line":295,"column":58}},"295":{"start":{"line":296,"column":0},"end":{"line":296,"column":3}},"296":{"start":{"line":297,"column":0},"end":{"line":297,"column":1}},"299":{"start":{"line":300,"column":0},"end":{"line":300,"column":57}},"302":{"start":{"line":303,"column":0},"end":{"line":303,"column":26}},"304":{"start":{"line":305,"column":0},"end":{"line":305,"column":21}},"305":{"start":{"line":306,"column":0},"end":{"line":306,"column":20}},"306":{"start":{"line":307,"column":0},"end":{"line":307,"column":11}},"307":{"start":{"line":308,"column":0},"end":{"line":308,"column":1}}},"s":{"17":0,"18":0,"19":0,"20":0,"21":0,"22":0,"23":0,"24":0,"26":0,"27":0,"28":0,"33":0,"34":0,"35":0,"36":0,"37":0,"38":0,"39":0,"44":0,"45":0,"46":0,"47":0,"48":0,"49":0,"54":0,"55":0,"56":0,"61":0,"62":0,"63":0,"64":0,"65":0,"66":0,"67":0,"69":0,"70":0,"71":0,"72":0,"73":0,"74":0,"75":0,"76":0,"81":0,"82":0,"83":0,"85":0,"88":0,"89":0,"90":0,"91":0,"94":0,"95":0,"96":0,"97":0,"100":0,"101":0,"102":0,"103":0,"105":0,"106":0,"107":0,"112":0,"113":0,"114":0,"115":0,"116":0,"117":0,"118":0,"120":0,"121":0,"122":0,"124":0,"125":0,"130":0,"131":0,"132":0,"133":0,"134":0,"135":0,"136":0,"138":0,"139":0,"140":0,"142":0,"143":0,"148":0,"149":0,"150":0,"151":0,"152":0,"157":0,"158":0,"159":0,"160":0,"161":0,"162":0,"163":0,"164":0,"165":0,"166":0,"167":0,"168":0,"169":0,"170":0,"171":0,"172":0,"173":0,"174":0,"175":0,"176":0,"177":0,"178":0,"183":0,"184":0,"185":0,"186":0,"187":0,"188":0,"189":0,"190":0,"191":0,"192":0,"198":0,"199":0,"200":0,"202":0,"203":0,"205":0,"206":0,"207":0,"208":0,"209":0,"210":0,"212":0,"213":0,"214":0,"219":0,"220":0,"225":0,"226":0,"227":0,"228":0,"229":0,"230":0,"235":0,"242":0,"243":0,"244":0,"246":0,"247":0,"249":0,"250":0,"251":0,"252":0,"253":0,"254":0,"255":0,"256":0,"257":0,"262":0,"263":0,"264":0,"265":0,"266":0,"267":0,"268":0,"273":0,"274":0,"275":0,"280":0,"281":0,"282":0,"283":0,"284":0,"285":0,"286":0,"287":0,"288":0,"289":0,"290":0,"291":0,"292":0,"293":0,"294":0,"295":0,"296":0,"299":0,"302":0,"304":0,"305":0,"306":0,"307":0},"branchMap":{"0":{"type":"branch","line":1,"loc":{"start":{"line":1,"column":7761},"end":{"line":308,"column":1}},"locations":[{"start":{"line":1,"column":7761},"end":{"line":308,"column":1}}]}},"b":{"0":[1]},"fnMap":{"0":{"name":"(empty-report)","decl":{"start":{"line":1,"column":7761},"end":{"line":308,"column":1}},"loc":{"start":{"line":1,"column":7761},"end":{"line":308,"column":1}},"line":1}},"f":{"0":1}}
,"C:\\Users\\tanne\\OneDrive\\Documents\\Gauntlet\\CollabCanva\\collabcanvas\\src\\utils\\testFirebase.ts": {"path":"C:\\Users\\tanne\\OneDrive\\Documents\\Gauntlet\\CollabCanva\\collabcanvas\\src\\utils\\testFirebase.ts","all":true,"statementMap":{"0":{"start":{"line":1,"column":0},"end":{"line":1,"column":61}},"1":{"start":{"line":2,"column":0},"end":{"line":2,"column":41}},"7":{"start":{"line":8,"column":0},"end":{"line":8,"column":66}},"8":{"start":{"line":9,"column":0},"end":{"line":9,"column":7}},"9":{"start":{"line":10,"column":0},"end":{"line":10,"column":46}},"10":{"start":{"line":11,"column":0},"end":{"line":11,"column":23}},"11":{"start":{"line":12,"column":0},"end":{"line":12,"column":28}},"12":{"start":{"line":13,"column":0},"end":{"line":13,"column":42}},"13":{"start":{"line":14,"column":0},"end":{"line":14,"column":5}},"15":{"start":{"line":16,"column":0},"end":{"line":16,"column":52}},"18":{"start":{"line":19,"column":0},"end":{"line":19,"column":33}},"19":{"start":{"line":20,"column":0},"end":{"line":20,"column":61}},"22":{"start":{"line":23,"column":0},"end":{"line":23,"column":37}},"23":{"start":{"line":24,"column":0},"end":{"line":24,"column":14}},"24":{"start":{"line":25,"column":0},"end":{"line":25,"column":16}},"25":{"start":{"line":26,"column":0},"end":{"line":26,"column":23}},"26":{"start":{"line":27,"column":0},"end":{"line":27,"column":37}},"27":{"start":{"line":28,"column":0},"end":{"line":28,"column":63}},"28":{"start":{"line":29,"column":0},"end":{"line":29,"column":70}},"29":{"start":{"line":30,"column":0},"end":{"line":30,"column":58}},"32":{"start":{"line":33,"column":0},"end":{"line":33,"column":27}},"33":{"start":{"line":34,"column":0},"end":{"line":34,"column":25}},"34":{"start":{"line":35,"column":0},"end":{"line":35,"column":18}},"35":{"start":{"line":36,"column":0},"end":{"line":36,"column":49}},"36":{"start":{"line":37,"column":0},"end":{"line":37,"column":26}},"37":{"start":{"line":38,"column":0},"end":{"line":38,"column":11}},"38":{"start":{"line":39,"column":0},"end":{"line":39,"column":10}},"39":{"start":{"line":40,"column":0},"end":{"line":40,"column":20}},"40":{"start":{"line":41,"column":0},"end":{"line":41,"column":64}},"41":{"start":{"line":42,"column":0},"end":{"line":42,"column":24}},"42":{"start":{"line":43,"column":0},"end":{"line":43,"column":10}},"43":{"start":{"line":44,"column":0},"end":{"line":44,"column":26}},"44":{"start":{"line":45,"column":0},"end":{"line":45,"column":7}},"45":{"start":{"line":46,"column":0},"end":{"line":46,"column":6}},"46":{"start":{"line":47,"column":0},"end":{"line":47,"column":19}},"47":{"start":{"line":48,"column":0},"end":{"line":48,"column":62}},"48":{"start":{"line":49,"column":0},"end":{"line":49,"column":16}},"49":{"start":{"line":50,"column":0},"end":{"line":50,"column":3}},"50":{"start":{"line":51,"column":0},"end":{"line":51,"column":1}},"55":{"start":{"line":56,"column":0},"end":{"line":56,"column":48}},"56":{"start":{"line":57,"column":0},"end":{"line":57,"column":27}},"57":{"start":{"line":58,"column":0},"end":{"line":58,"column":28}},"58":{"start":{"line":59,"column":0},"end":{"line":59,"column":32}},"59":{"start":{"line":60,"column":0},"end":{"line":60,"column":33}},"60":{"start":{"line":61,"column":0},"end":{"line":61,"column":31}},"61":{"start":{"line":62,"column":0},"end":{"line":62,"column":3}},"63":{"start":{"line":64,"column":0},"end":{"line":64,"column":41}},"64":{"start":{"line":65,"column":0},"end":{"line":65,"column":42}},"65":{"start":{"line":66,"column":0},"end":{"line":66,"column":3}},"67":{"start":{"line":68,"column":0},"end":{"line":68,"column":27}},"68":{"start":{"line":69,"column":0},"end":{"line":69,"column":71}},"69":{"start":{"line":70,"column":0},"end":{"line":70,"column":16}},"70":{"start":{"line":71,"column":0},"end":{"line":71,"column":3}},"72":{"start":{"line":73,"column":0},"end":{"line":73,"column":60}},"73":{"start":{"line":74,"column":0},"end":{"line":74,"column":13}},"74":{"start":{"line":75,"column":0},"end":{"line":75,"column":1}}},"s":{"0":0,"1":0,"7":0,"8":0,"9":0,"10":0,"11":0,"12":0,"13":0,"15":0,"18":0,"19":0,"22":0,"23":0,"24":0,"25":0,"26":0,"27":0,"28":0,"29":0,"32":0,"33":0,"34":0,"35":0,"36":0,"37":0,"38":0,"39":0,"40":0,"41":0,"42":0,"43":0,"44":0,"45":0,"46":0,"47":0,"48":0,"49":0,"50":0,"55":0,"56":0,"57":0,"58":0,"59":0,"60":0,"61":0,"63":0,"64":0,"65":0,"67":0,"68":0,"69":0,"70":0,"72":0,"73":0,"74":0},"branchMap":{"0":{"type":"branch","line":1,"loc":{"start":{"line":1,"column":2083},"end":{"line":75,"column":1}},"locations":[{"start":{"line":1,"column":2083},"end":{"line":75,"column":1}}]}},"b":{"0":[0]},"fnMap":{"0":{"name":"(empty-report)","decl":{"start":{"line":1,"column":2083},"end":{"line":75,"column":1}},"loc":{"start":{"line":1,"column":2083},"end":{"line":75,"column":1}},"line":1}},"f":{"0":0}}
,"C:\\Users\\tanne\\OneDrive\\Documents\\Gauntlet\\CollabCanva\\collabcanvas\\src\\utils\\throttle.ts": {"path":"C:\\Users\\tanne\\OneDrive\\Documents\\Gauntlet\\CollabCanva\\collabcanvas\\src\\utils\\throttle.ts","all":false,"statementMap":{"6":{"start":{"line":7,"column":0},"end":{"line":7,"column":61}},"7":{"start":{"line":8,"column":0},"end":{"line":8,"column":8}},"8":{"start":{"line":9,"column":0},"end":{"line":9,"column":15}},"9":{"start":{"line":10,"column":0},"end":{"line":10,"column":37}},"10":{"start":{"line":11,"column":0},"end":{"line":11,"column":18}},"12":{"start":{"line":13,"column":0},"end":{"line":13,"column":44}},"13":{"start":{"line":14,"column":0},"end":{"line":14,"column":26}},"15":{"start":{"line":16,"column":0},"end":{"line":16,"column":34}},"16":{"start":{"line":17,"column":0},"end":{"line":17,"column":20}},"17":{"start":{"line":18,"column":0},"end":{"line":18,"column":17}},"18":{"start":{"line":19,"column":0},"end":{"line":19,"column":5}},"19":{"start":{"line":20,"column":0},"end":{"line":20,"column":3}},"20":{"start":{"line":21,"column":0},"end":{"line":21,"column":1}}},"s":{"6":1,"7":6,"8":6,"9":6,"10":6,"12":6,"13":210,"15":210,"16":28,"17":28,"18":28,"19":210,"20":6},"branchMap":{"0":{"type":"branch","line":7,"loc":{"start":{"line":7,"column":7},"end":{"line":21,"column":1}},"locations":[{"start":{"line":7,"column":7},"end":{"line":21,"column":1}}]},"1":{"type":"branch","line":13,"loc":{"start":{"line":13,"column":9},"end":{"line":20,"column":3}},"locations":[{"start":{"line":13,"column":9},"end":{"line":20,"column":3}}]},"2":{"type":"branch","line":16,"loc":{"start":{"line":16,"column":33},"end":{"line":19,"column":5}},"locations":[{"start":{"line":16,"column":33},"end":{"line":19,"column":5}}]}},"b":{"0":[6],"1":[210],"2":[28]},"fnMap":{"0":{"name":"throttle","decl":{"start":{"line":7,"column":7},"end":{"line":21,"column":1}},"loc":{"start":{"line":7,"column":7},"end":{"line":21,"column":1}},"line":7}},"f":{"0":6}}
}
